[2024-02-01 06:12:49] local.INFO: Detected N+1 Query  
[2024-02-01 06:12:49] local.INFO: Model: App\Models\LivraisonInfo
Relation: App\Models\LivraisonPayment
Num-Called: 2
Call-Stack:
#18 \app\Http\Controllers\Admin\LivraisonController.php:39
#19 \vendor\laravel\framework\src\Illuminate\Routing\Controller.php:54
#20 \vendor\laravel\framework\src\Illuminate\Routing\ControllerDispatcher.php:43
#21 \vendor\laravel\framework\src\Illuminate\Routing\Route.php:260
#22 \vendor\laravel\framework\src\Illuminate\Routing\Route.php:205
#23 \vendor\laravel\framework\src\Illuminate\Routing\Router.php:798
#24 \vendor\laravel\framework\src\Illuminate\Pipeline\Pipeline.php:141
#25 \app\Http\Middleware\RedirectIfNotAdmin.php:21
#26 \vendor\laravel\framework\src\Illuminate\Pipeline\Pipeline.php:180
#27 \vendor\laravel\framework\src\Illuminate\Routing\Middleware\SubstituteBindings.php:50
#28 \vendor\laravel\framework\src\Illuminate\Pipeline\Pipeline.php:180
#29 \vendor\laravel\framework\src\Illuminate\Foundation\Http\Middleware\VerifyCsrfToken.php:78
#30 \vendor\laravel\framework\src\Illuminate\Pipeline\Pipeline.php:180
#31 \vendor\laravel\framework\src\Illuminate\View\Middleware\ShareErrorsFromSession.php:49
#32 \vendor\laravel\framework\src\Illuminate\Pipeline\Pipeline.php:180
#33 \vendor\laravel\framework\src\Illuminate\Session\Middleware\StartSession.php:121
#34 \vendor\laravel\framework\src\Illuminate\Session\Middleware\StartSession.php:64
#35 \vendor\laravel\framework\src\Illuminate\Pipeline\Pipeline.php:180
#36 \vendor\laravel\framework\src\Illuminate\Cookie\Middleware\AddQueuedCookiesToResponse.php:37
#37 \vendor\laravel\framework\src\Illuminate\Pipeline\Pipeline.php:180
#38 \vendor\laravel\framework\src\Illuminate\Cookie\Middleware\EncryptCookies.php:67
#39 \vendor\laravel\framework\src\Illuminate\Pipeline\Pipeline.php:180
#40 \vendor\laramin\utility\src\Utility.php:14
#41 \vendor\laravel\framework\src\Illuminate\Pipeline\Pipeline.php:180
#42 \vendor\laravel\framework\src\Illuminate\Pipeline\Pipeline.php:116
#43 \vendor\laravel\framework\src\Illuminate\Routing\Router.php:799
#44 \vendor\laravel\framework\src\Illuminate\Routing\Router.php:776
#45 \vendor\laravel\framework\src\Illuminate\Routing\Router.php:740
#46 \vendor\laravel\framework\src\Illuminate\Routing\Router.php:729
#47 \vendor\laravel\framework\src\Illuminate\Foundation\Http\Kernel.php:190
#48 \vendor\laravel\framework\src\Illuminate\Pipeline\Pipeline.php:141
#49 \vendor\beyondcode\laravel-query-detector\src\QueryDetectorMiddleware.php:33
  
[2024-02-01 06:12:49] local.INFO: Model: App\Models\LivraisonInfo
Relation: App\Models\Magasin
Num-Called: 2
Call-Stack:
#18 \app\Http\Controllers\Admin\LivraisonController.php:39
#19 \vendor\laravel\framework\src\Illuminate\Routing\Controller.php:54
#20 \vendor\laravel\framework\src\Illuminate\Routing\ControllerDispatcher.php:43
#21 \vendor\laravel\framework\src\Illuminate\Routing\Route.php:260
#22 \vendor\laravel\framework\src\Illuminate\Routing\Route.php:205
#23 \vendor\laravel\framework\src\Illuminate\Routing\Router.php:798
#24 \vendor\laravel\framework\src\Illuminate\Pipeline\Pipeline.php:141
#25 \app\Http\Middleware\RedirectIfNotAdmin.php:21
#26 \vendor\laravel\framework\src\Illuminate\Pipeline\Pipeline.php:180
#27 \vendor\laravel\framework\src\Illuminate\Routing\Middleware\SubstituteBindings.php:50
#28 \vendor\laravel\framework\src\Illuminate\Pipeline\Pipeline.php:180
#29 \vendor\laravel\framework\src\Illuminate\Foundation\Http\Middleware\VerifyCsrfToken.php:78
#30 \vendor\laravel\framework\src\Illuminate\Pipeline\Pipeline.php:180
#31 \vendor\laravel\framework\src\Illuminate\View\Middleware\ShareErrorsFromSession.php:49
#32 \vendor\laravel\framework\src\Illuminate\Pipeline\Pipeline.php:180
#33 \vendor\laravel\framework\src\Illuminate\Session\Middleware\StartSession.php:121
#34 \vendor\laravel\framework\src\Illuminate\Session\Middleware\StartSession.php:64
#35 \vendor\laravel\framework\src\Illuminate\Pipeline\Pipeline.php:180
#36 \vendor\laravel\framework\src\Illuminate\Cookie\Middleware\AddQueuedCookiesToResponse.php:37
#37 \vendor\laravel\framework\src\Illuminate\Pipeline\Pipeline.php:180
#38 \vendor\laravel\framework\src\Illuminate\Cookie\Middleware\EncryptCookies.php:67
#39 \vendor\laravel\framework\src\Illuminate\Pipeline\Pipeline.php:180
#40 \vendor\laramin\utility\src\Utility.php:14
#41 \vendor\laravel\framework\src\Illuminate\Pipeline\Pipeline.php:180
#42 \vendor\laravel\framework\src\Illuminate\Pipeline\Pipeline.php:116
#43 \vendor\laravel\framework\src\Illuminate\Routing\Router.php:799
#44 \vendor\laravel\framework\src\Illuminate\Routing\Router.php:776
#45 \vendor\laravel\framework\src\Illuminate\Routing\Router.php:740
#46 \vendor\laravel\framework\src\Illuminate\Routing\Router.php:729
#47 \vendor\laravel\framework\src\Illuminate\Foundation\Http\Kernel.php:190
#48 \vendor\laravel\framework\src\Illuminate\Pipeline\Pipeline.php:141
#49 \vendor\beyondcode\laravel-query-detector\src\QueryDetectorMiddleware.php:33
  
[2024-02-01 06:12:49] local.INFO: Model: App\Models\LivraisonInfo
Relation: App\Models\User
Num-Called: 2
Call-Stack:
#18 \app\Http\Controllers\Admin\LivraisonController.php:39
#19 \vendor\laravel\framework\src\Illuminate\Routing\Controller.php:54
#20 \vendor\laravel\framework\src\Illuminate\Routing\ControllerDispatcher.php:43
#21 \vendor\laravel\framework\src\Illuminate\Routing\Route.php:260
#22 \vendor\laravel\framework\src\Illuminate\Routing\Route.php:205
#23 \vendor\laravel\framework\src\Illuminate\Routing\Router.php:798
#24 \vendor\laravel\framework\src\Illuminate\Pipeline\Pipeline.php:141
#25 \app\Http\Middleware\RedirectIfNotAdmin.php:21
#26 \vendor\laravel\framework\src\Illuminate\Pipeline\Pipeline.php:180
#27 \vendor\laravel\framework\src\Illuminate\Routing\Middleware\SubstituteBindings.php:50
#28 \vendor\laravel\framework\src\Illuminate\Pipeline\Pipeline.php:180
#29 \vendor\laravel\framework\src\Illuminate\Foundation\Http\Middleware\VerifyCsrfToken.php:78
#30 \vendor\laravel\framework\src\Illuminate\Pipeline\Pipeline.php:180
#31 \vendor\laravel\framework\src\Illuminate\View\Middleware\ShareErrorsFromSession.php:49
#32 \vendor\laravel\framework\src\Illuminate\Pipeline\Pipeline.php:180
#33 \vendor\laravel\framework\src\Illuminate\Session\Middleware\StartSession.php:121
#34 \vendor\laravel\framework\src\Illuminate\Session\Middleware\StartSession.php:64
#35 \vendor\laravel\framework\src\Illuminate\Pipeline\Pipeline.php:180
#36 \vendor\laravel\framework\src\Illuminate\Cookie\Middleware\AddQueuedCookiesToResponse.php:37
#37 \vendor\laravel\framework\src\Illuminate\Pipeline\Pipeline.php:180
#38 \vendor\laravel\framework\src\Illuminate\Cookie\Middleware\EncryptCookies.php:67
#39 \vendor\laravel\framework\src\Illuminate\Pipeline\Pipeline.php:180
#40 \vendor\laramin\utility\src\Utility.php:14
#41 \vendor\laravel\framework\src\Illuminate\Pipeline\Pipeline.php:180
#42 \vendor\laravel\framework\src\Illuminate\Pipeline\Pipeline.php:116
#43 \vendor\laravel\framework\src\Illuminate\Routing\Router.php:799
#44 \vendor\laravel\framework\src\Illuminate\Routing\Router.php:776
#45 \vendor\laravel\framework\src\Illuminate\Routing\Router.php:740
#46 \vendor\laravel\framework\src\Illuminate\Routing\Router.php:729
#47 \vendor\laravel\framework\src\Illuminate\Foundation\Http\Kernel.php:190
#48 \vendor\laravel\framework\src\Illuminate\Pipeline\Pipeline.php:141
#49 \vendor\beyondcode\laravel-query-detector\src\QueryDetectorMiddleware.php:33
  
[2024-02-01 06:12:49] local.INFO: Model: App\Models\LivraisonInfo
Relation: receiverClient
Num-Called: 20
Call-Stack:
#18 \storage\framework\views\c20b5fa1b51cc0e9119fcdd2d8feb533f08f9396.php:86
#20 \vendor\laravel\framework\src\Illuminate\Filesystem\Filesystem.php:110
#21 \vendor\laravel\framework\src\Illuminate\View\Engines\PhpEngine.php:58
#22 \vendor\laravel\framework\src\Illuminate\View\Engines\CompilerEngine.php:70
#23 \vendor\laravel\framework\src\Illuminate\View\View.php:195
#24 \vendor\laravel\framework\src\Illuminate\View\View.php:178
#25 \vendor\laravel\framework\src\Illuminate\View\View.php:147
#26 \vendor\laravel\framework\src\Illuminate\Http\Response.php:69
#27 \vendor\laravel\framework\src\Illuminate\Http\Response.php:35
#28 \vendor\laravel\framework\src\Illuminate\Routing\Router.php:906
#29 \vendor\laravel\framework\src\Illuminate\Routing\Router.php:875
#30 \vendor\laravel\framework\src\Illuminate\Routing\Router.php:798
#31 \vendor\laravel\framework\src\Illuminate\Pipeline\Pipeline.php:141
#32 \app\Http\Middleware\RedirectIfNotAdmin.php:21
#33 \vendor\laravel\framework\src\Illuminate\Pipeline\Pipeline.php:180
#34 \vendor\laravel\framework\src\Illuminate\Routing\Middleware\SubstituteBindings.php:50
#35 \vendor\laravel\framework\src\Illuminate\Pipeline\Pipeline.php:180
#36 \vendor\laravel\framework\src\Illuminate\Foundation\Http\Middleware\VerifyCsrfToken.php:78
#37 \vendor\laravel\framework\src\Illuminate\Pipeline\Pipeline.php:180
#38 \vendor\laravel\framework\src\Illuminate\View\Middleware\ShareErrorsFromSession.php:49
#39 \vendor\laravel\framework\src\Illuminate\Pipeline\Pipeline.php:180
#40 \vendor\laravel\framework\src\Illuminate\Session\Middleware\StartSession.php:121
#41 \vendor\laravel\framework\src\Illuminate\Session\Middleware\StartSession.php:64
#42 \vendor\laravel\framework\src\Illuminate\Pipeline\Pipeline.php:180
#43 \vendor\laravel\framework\src\Illuminate\Cookie\Middleware\AddQueuedCookiesToResponse.php:37
#44 \vendor\laravel\framework\src\Illuminate\Pipeline\Pipeline.php:180
#45 \vendor\laravel\framework\src\Illuminate\Cookie\Middleware\EncryptCookies.php:67
#46 \vendor\laravel\framework\src\Illuminate\Pipeline\Pipeline.php:180
#47 \vendor\laramin\utility\src\Utility.php:14
#48 \vendor\laravel\framework\src\Illuminate\Pipeline\Pipeline.php:180
#49 \vendor\laravel\framework\src\Illuminate\Pipeline\Pipeline.php:116
  
[2024-02-01 21:56:38] local.INFO: Detected N+1 Query  
[2024-02-01 21:56:38] local.INFO: Model: App\Models\Bande
Relation: ferme
Num-Called: 2
Call-Stack:
#18 \storage\framework\views\de4c8209ed7daec42b7e6e4683c1c11b819b136d.php:46
#20 \vendor\laravel\framework\src\Illuminate\Filesystem\Filesystem.php:110
#21 \vendor\laravel\framework\src\Illuminate\View\Engines\PhpEngine.php:58
#22 \vendor\laravel\framework\src\Illuminate\View\Engines\CompilerEngine.php:70
#23 \vendor\laravel\framework\src\Illuminate\View\View.php:195
#24 \vendor\laravel\framework\src\Illuminate\View\View.php:178
#25 \vendor\laravel\framework\src\Illuminate\View\View.php:147
#26 \vendor\laravel\framework\src\Illuminate\Http\Response.php:69
#27 \vendor\laravel\framework\src\Illuminate\Http\Response.php:35
#28 \vendor\laravel\framework\src\Illuminate\Routing\Router.php:906
#29 \vendor\laravel\framework\src\Illuminate\Routing\Router.php:875
#30 \vendor\laravel\framework\src\Illuminate\Routing\Router.php:798
#31 \vendor\laravel\framework\src\Illuminate\Pipeline\Pipeline.php:141
#32 \app\Http\Middleware\RedirectIfNotAdmin.php:21
#33 \vendor\laravel\framework\src\Illuminate\Pipeline\Pipeline.php:180
#34 \vendor\laravel\framework\src\Illuminate\Routing\Middleware\SubstituteBindings.php:50
#35 \vendor\laravel\framework\src\Illuminate\Pipeline\Pipeline.php:180
#36 \vendor\laravel\framework\src\Illuminate\Foundation\Http\Middleware\VerifyCsrfToken.php:78
#37 \vendor\laravel\framework\src\Illuminate\Pipeline\Pipeline.php:180
#38 \vendor\laravel\framework\src\Illuminate\View\Middleware\ShareErrorsFromSession.php:49
#39 \vendor\laravel\framework\src\Illuminate\Pipeline\Pipeline.php:180
#40 \vendor\laravel\framework\src\Illuminate\Session\Middleware\StartSession.php:121
#41 \vendor\laravel\framework\src\Illuminate\Session\Middleware\StartSession.php:64
#42 \vendor\laravel\framework\src\Illuminate\Pipeline\Pipeline.php:180
#43 \vendor\laravel\framework\src\Illuminate\Cookie\Middleware\AddQueuedCookiesToResponse.php:37
#44 \vendor\laravel\framework\src\Illuminate\Pipeline\Pipeline.php:180
#45 \vendor\laravel\framework\src\Illuminate\Cookie\Middleware\EncryptCookies.php:67
#46 \vendor\laravel\framework\src\Illuminate\Pipeline\Pipeline.php:180
#47 \vendor\laramin\utility\src\Utility.php:14
#48 \vendor\laravel\framework\src\Illuminate\Pipeline\Pipeline.php:180
#49 \vendor\laravel\framework\src\Illuminate\Pipeline\Pipeline.php:116
  
[2024-02-01 21:56:57] local.INFO: Detected N+1 Query  
[2024-02-01 21:56:57] local.INFO: Model: App\Models\Bande
Relation: ferme
Num-Called: 2
Call-Stack:
#18 \storage\framework\views\de4c8209ed7daec42b7e6e4683c1c11b819b136d.php:46
#20 \vendor\laravel\framework\src\Illuminate\Filesystem\Filesystem.php:110
#21 \vendor\laravel\framework\src\Illuminate\View\Engines\PhpEngine.php:58
#22 \vendor\laravel\framework\src\Illuminate\View\Engines\CompilerEngine.php:70
#23 \vendor\laravel\framework\src\Illuminate\View\View.php:195
#24 \vendor\laravel\framework\src\Illuminate\View\View.php:178
#25 \vendor\laravel\framework\src\Illuminate\View\View.php:147
#26 \vendor\laravel\framework\src\Illuminate\Http\Response.php:69
#27 \vendor\laravel\framework\src\Illuminate\Http\Response.php:35
#28 \vendor\laravel\framework\src\Illuminate\Routing\Router.php:906
#29 \vendor\laravel\framework\src\Illuminate\Routing\Router.php:875
#30 \vendor\laravel\framework\src\Illuminate\Routing\Router.php:798
#31 \vendor\laravel\framework\src\Illuminate\Pipeline\Pipeline.php:141
#32 \app\Http\Middleware\RedirectIfNotAdmin.php:21
#33 \vendor\laravel\framework\src\Illuminate\Pipeline\Pipeline.php:180
#34 \vendor\laravel\framework\src\Illuminate\Routing\Middleware\SubstituteBindings.php:50
#35 \vendor\laravel\framework\src\Illuminate\Pipeline\Pipeline.php:180
#36 \vendor\laravel\framework\src\Illuminate\Foundation\Http\Middleware\VerifyCsrfToken.php:78
#37 \vendor\laravel\framework\src\Illuminate\Pipeline\Pipeline.php:180
#38 \vendor\laravel\framework\src\Illuminate\View\Middleware\ShareErrorsFromSession.php:49
#39 \vendor\laravel\framework\src\Illuminate\Pipeline\Pipeline.php:180
#40 \vendor\laravel\framework\src\Illuminate\Session\Middleware\StartSession.php:121
#41 \vendor\laravel\framework\src\Illuminate\Session\Middleware\StartSession.php:64
#42 \vendor\laravel\framework\src\Illuminate\Pipeline\Pipeline.php:180
#43 \vendor\laravel\framework\src\Illuminate\Cookie\Middleware\AddQueuedCookiesToResponse.php:37
#44 \vendor\laravel\framework\src\Illuminate\Pipeline\Pipeline.php:180
#45 \vendor\laravel\framework\src\Illuminate\Cookie\Middleware\EncryptCookies.php:67
#46 \vendor\laravel\framework\src\Illuminate\Pipeline\Pipeline.php:180
#47 \vendor\laramin\utility\src\Utility.php:14
#48 \vendor\laravel\framework\src\Illuminate\Pipeline\Pipeline.php:180
#49 \vendor\laravel\framework\src\Illuminate\Pipeline\Pipeline.php:116
  
[2024-02-01 21:57:02] local.INFO: Detected N+1 Query  
[2024-02-01 21:57:02] local.INFO: Model: App\Models\Bande
Relation: ferme
Num-Called: 2
Call-Stack:
#18 \storage\framework\views\de4c8209ed7daec42b7e6e4683c1c11b819b136d.php:46
#20 \vendor\laravel\framework\src\Illuminate\Filesystem\Filesystem.php:110
#21 \vendor\laravel\framework\src\Illuminate\View\Engines\PhpEngine.php:58
#22 \vendor\laravel\framework\src\Illuminate\View\Engines\CompilerEngine.php:70
#23 \vendor\laravel\framework\src\Illuminate\View\View.php:195
#24 \vendor\laravel\framework\src\Illuminate\View\View.php:178
#25 \vendor\laravel\framework\src\Illuminate\View\View.php:147
#26 \vendor\laravel\framework\src\Illuminate\Http\Response.php:69
#27 \vendor\laravel\framework\src\Illuminate\Http\Response.php:35
#28 \vendor\laravel\framework\src\Illuminate\Routing\Router.php:906
#29 \vendor\laravel\framework\src\Illuminate\Routing\Router.php:875
#30 \vendor\laravel\framework\src\Illuminate\Routing\Router.php:798
#31 \vendor\laravel\framework\src\Illuminate\Pipeline\Pipeline.php:141
#32 \app\Http\Middleware\RedirectIfNotAdmin.php:21
#33 \vendor\laravel\framework\src\Illuminate\Pipeline\Pipeline.php:180
#34 \vendor\laravel\framework\src\Illuminate\Routing\Middleware\SubstituteBindings.php:50
#35 \vendor\laravel\framework\src\Illuminate\Pipeline\Pipeline.php:180
#36 \vendor\laravel\framework\src\Illuminate\Foundation\Http\Middleware\VerifyCsrfToken.php:78
#37 \vendor\laravel\framework\src\Illuminate\Pipeline\Pipeline.php:180
#38 \vendor\laravel\framework\src\Illuminate\View\Middleware\ShareErrorsFromSession.php:49
#39 \vendor\laravel\framework\src\Illuminate\Pipeline\Pipeline.php:180
#40 \vendor\laravel\framework\src\Illuminate\Session\Middleware\StartSession.php:121
#41 \vendor\laravel\framework\src\Illuminate\Session\Middleware\StartSession.php:64
#42 \vendor\laravel\framework\src\Illuminate\Pipeline\Pipeline.php:180
#43 \vendor\laravel\framework\src\Illuminate\Cookie\Middleware\AddQueuedCookiesToResponse.php:37
#44 \vendor\laravel\framework\src\Illuminate\Pipeline\Pipeline.php:180
#45 \vendor\laravel\framework\src\Illuminate\Cookie\Middleware\EncryptCookies.php:67
#46 \vendor\laravel\framework\src\Illuminate\Pipeline\Pipeline.php:180
#47 \vendor\laramin\utility\src\Utility.php:14
#48 \vendor\laravel\framework\src\Illuminate\Pipeline\Pipeline.php:180
#49 \vendor\laravel\framework\src\Illuminate\Pipeline\Pipeline.php:116
  
[2024-02-01 22:09:18] local.INFO: Detected N+1 Query  
[2024-02-01 22:09:18] local.INFO: Model: App\Models\Produit
Relation: categorie
Num-Called: 10
Call-Stack:
#18 \storage\framework\views\ca6488e6e5e9f0f09b047fd09890cccd482f8998.php:61
#20 \vendor\laravel\framework\src\Illuminate\Filesystem\Filesystem.php:110
#21 \vendor\laravel\framework\src\Illuminate\View\Engines\PhpEngine.php:58
#22 \vendor\laravel\framework\src\Illuminate\View\Engines\CompilerEngine.php:70
#23 \vendor\laravel\framework\src\Illuminate\View\View.php:195
#24 \vendor\laravel\framework\src\Illuminate\View\View.php:178
#25 \vendor\laravel\framework\src\Illuminate\View\View.php:147
#26 \vendor\laravel\framework\src\Illuminate\Http\Response.php:69
#27 \vendor\laravel\framework\src\Illuminate\Http\Response.php:35
#28 \vendor\laravel\framework\src\Illuminate\Routing\Router.php:906
#29 \vendor\laravel\framework\src\Illuminate\Routing\Router.php:875
#30 \vendor\laravel\framework\src\Illuminate\Routing\Router.php:798
#31 \vendor\laravel\framework\src\Illuminate\Pipeline\Pipeline.php:141
#32 \app\Http\Middleware\RedirectIfNotAdmin.php:21
#33 \vendor\laravel\framework\src\Illuminate\Pipeline\Pipeline.php:180
#34 \vendor\laravel\framework\src\Illuminate\Routing\Middleware\SubstituteBindings.php:50
#35 \vendor\laravel\framework\src\Illuminate\Pipeline\Pipeline.php:180
#36 \vendor\laravel\framework\src\Illuminate\Foundation\Http\Middleware\VerifyCsrfToken.php:78
#37 \vendor\laravel\framework\src\Illuminate\Pipeline\Pipeline.php:180
#38 \vendor\laravel\framework\src\Illuminate\View\Middleware\ShareErrorsFromSession.php:49
#39 \vendor\laravel\framework\src\Illuminate\Pipeline\Pipeline.php:180
#40 \vendor\laravel\framework\src\Illuminate\Session\Middleware\StartSession.php:121
#41 \vendor\laravel\framework\src\Illuminate\Session\Middleware\StartSession.php:64
#42 \vendor\laravel\framework\src\Illuminate\Pipeline\Pipeline.php:180
#43 \vendor\laravel\framework\src\Illuminate\Cookie\Middleware\AddQueuedCookiesToResponse.php:37
#44 \vendor\laravel\framework\src\Illuminate\Pipeline\Pipeline.php:180
#45 \vendor\laravel\framework\src\Illuminate\Cookie\Middleware\EncryptCookies.php:67
#46 \vendor\laravel\framework\src\Illuminate\Pipeline\Pipeline.php:180
#47 \vendor\laramin\utility\src\Utility.php:14
#48 \vendor\laravel\framework\src\Illuminate\Pipeline\Pipeline.php:180
#49 \vendor\laravel\framework\src\Illuminate\Pipeline\Pipeline.php:116
  
[2024-02-01 22:09:18] local.INFO: Model: App\Models\Categorie
Relation: unite
Num-Called: 10
Call-Stack:
#18 \storage\framework\views\ca6488e6e5e9f0f09b047fd09890cccd482f8998.php:62
#20 \vendor\laravel\framework\src\Illuminate\Filesystem\Filesystem.php:110
#21 \vendor\laravel\framework\src\Illuminate\View\Engines\PhpEngine.php:58
#22 \vendor\laravel\framework\src\Illuminate\View\Engines\CompilerEngine.php:70
#23 \vendor\laravel\framework\src\Illuminate\View\View.php:195
#24 \vendor\laravel\framework\src\Illuminate\View\View.php:178
#25 \vendor\laravel\framework\src\Illuminate\View\View.php:147
#26 \vendor\laravel\framework\src\Illuminate\Http\Response.php:69
#27 \vendor\laravel\framework\src\Illuminate\Http\Response.php:35
#28 \vendor\laravel\framework\src\Illuminate\Routing\Router.php:906
#29 \vendor\laravel\framework\src\Illuminate\Routing\Router.php:875
#30 \vendor\laravel\framework\src\Illuminate\Routing\Router.php:798
#31 \vendor\laravel\framework\src\Illuminate\Pipeline\Pipeline.php:141
#32 \app\Http\Middleware\RedirectIfNotAdmin.php:21
#33 \vendor\laravel\framework\src\Illuminate\Pipeline\Pipeline.php:180
#34 \vendor\laravel\framework\src\Illuminate\Routing\Middleware\SubstituteBindings.php:50
#35 \vendor\laravel\framework\src\Illuminate\Pipeline\Pipeline.php:180
#36 \vendor\laravel\framework\src\Illuminate\Foundation\Http\Middleware\VerifyCsrfToken.php:78
#37 \vendor\laravel\framework\src\Illuminate\Pipeline\Pipeline.php:180
#38 \vendor\laravel\framework\src\Illuminate\View\Middleware\ShareErrorsFromSession.php:49
#39 \vendor\laravel\framework\src\Illuminate\Pipeline\Pipeline.php:180
#40 \vendor\laravel\framework\src\Illuminate\Session\Middleware\StartSession.php:121
#41 \vendor\laravel\framework\src\Illuminate\Session\Middleware\StartSession.php:64
#42 \vendor\laravel\framework\src\Illuminate\Pipeline\Pipeline.php:180
#43 \vendor\laravel\framework\src\Illuminate\Cookie\Middleware\AddQueuedCookiesToResponse.php:37
#44 \vendor\laravel\framework\src\Illuminate\Pipeline\Pipeline.php:180
#45 \vendor\laravel\framework\src\Illuminate\Cookie\Middleware\EncryptCookies.php:67
#46 \vendor\laravel\framework\src\Illuminate\Pipeline\Pipeline.php:180
#47 \vendor\laramin\utility\src\Utility.php:14
#48 \vendor\laravel\framework\src\Illuminate\Pipeline\Pipeline.php:180
#49 \vendor\laravel\framework\src\Illuminate\Pipeline\Pipeline.php:116
  
[2024-02-01 22:11:45] local.INFO: Detected N+1 Query  
[2024-02-01 22:11:45] local.INFO: Model: App\Models\Produit
Relation: categorie
Num-Called: 10
Call-Stack:
#18 \storage\framework\views\ca6488e6e5e9f0f09b047fd09890cccd482f8998.php:61
#20 \vendor\laravel\framework\src\Illuminate\Filesystem\Filesystem.php:110
#21 \vendor\laravel\framework\src\Illuminate\View\Engines\PhpEngine.php:58
#22 \vendor\laravel\framework\src\Illuminate\View\Engines\CompilerEngine.php:70
#23 \vendor\laravel\framework\src\Illuminate\View\View.php:195
#24 \vendor\laravel\framework\src\Illuminate\View\View.php:178
#25 \vendor\laravel\framework\src\Illuminate\View\View.php:147
#26 \vendor\laravel\framework\src\Illuminate\Http\Response.php:69
#27 \vendor\laravel\framework\src\Illuminate\Http\Response.php:35
#28 \vendor\laravel\framework\src\Illuminate\Routing\Router.php:906
#29 \vendor\laravel\framework\src\Illuminate\Routing\Router.php:875
#30 \vendor\laravel\framework\src\Illuminate\Routing\Router.php:798
#31 \vendor\laravel\framework\src\Illuminate\Pipeline\Pipeline.php:141
#32 \app\Http\Middleware\RedirectIfNotAdmin.php:21
#33 \vendor\laravel\framework\src\Illuminate\Pipeline\Pipeline.php:180
#34 \vendor\laravel\framework\src\Illuminate\Routing\Middleware\SubstituteBindings.php:50
#35 \vendor\laravel\framework\src\Illuminate\Pipeline\Pipeline.php:180
#36 \vendor\laravel\framework\src\Illuminate\Foundation\Http\Middleware\VerifyCsrfToken.php:78
#37 \vendor\laravel\framework\src\Illuminate\Pipeline\Pipeline.php:180
#38 \vendor\laravel\framework\src\Illuminate\View\Middleware\ShareErrorsFromSession.php:49
#39 \vendor\laravel\framework\src\Illuminate\Pipeline\Pipeline.php:180
#40 \vendor\laravel\framework\src\Illuminate\Session\Middleware\StartSession.php:121
#41 \vendor\laravel\framework\src\Illuminate\Session\Middleware\StartSession.php:64
#42 \vendor\laravel\framework\src\Illuminate\Pipeline\Pipeline.php:180
#43 \vendor\laravel\framework\src\Illuminate\Cookie\Middleware\AddQueuedCookiesToResponse.php:37
#44 \vendor\laravel\framework\src\Illuminate\Pipeline\Pipeline.php:180
#45 \vendor\laravel\framework\src\Illuminate\Cookie\Middleware\EncryptCookies.php:67
#46 \vendor\laravel\framework\src\Illuminate\Pipeline\Pipeline.php:180
#47 \vendor\laramin\utility\src\Utility.php:14
#48 \vendor\laravel\framework\src\Illuminate\Pipeline\Pipeline.php:180
#49 \vendor\laravel\framework\src\Illuminate\Pipeline\Pipeline.php:116
  
[2024-02-01 22:11:45] local.INFO: Model: App\Models\Categorie
Relation: unite
Num-Called: 10
Call-Stack:
#18 \storage\framework\views\ca6488e6e5e9f0f09b047fd09890cccd482f8998.php:62
#20 \vendor\laravel\framework\src\Illuminate\Filesystem\Filesystem.php:110
#21 \vendor\laravel\framework\src\Illuminate\View\Engines\PhpEngine.php:58
#22 \vendor\laravel\framework\src\Illuminate\View\Engines\CompilerEngine.php:70
#23 \vendor\laravel\framework\src\Illuminate\View\View.php:195
#24 \vendor\laravel\framework\src\Illuminate\View\View.php:178
#25 \vendor\laravel\framework\src\Illuminate\View\View.php:147
#26 \vendor\laravel\framework\src\Illuminate\Http\Response.php:69
#27 \vendor\laravel\framework\src\Illuminate\Http\Response.php:35
#28 \vendor\laravel\framework\src\Illuminate\Routing\Router.php:906
#29 \vendor\laravel\framework\src\Illuminate\Routing\Router.php:875
#30 \vendor\laravel\framework\src\Illuminate\Routing\Router.php:798
#31 \vendor\laravel\framework\src\Illuminate\Pipeline\Pipeline.php:141
#32 \app\Http\Middleware\RedirectIfNotAdmin.php:21
#33 \vendor\laravel\framework\src\Illuminate\Pipeline\Pipeline.php:180
#34 \vendor\laravel\framework\src\Illuminate\Routing\Middleware\SubstituteBindings.php:50
#35 \vendor\laravel\framework\src\Illuminate\Pipeline\Pipeline.php:180
#36 \vendor\laravel\framework\src\Illuminate\Foundation\Http\Middleware\VerifyCsrfToken.php:78
#37 \vendor\laravel\framework\src\Illuminate\Pipeline\Pipeline.php:180
#38 \vendor\laravel\framework\src\Illuminate\View\Middleware\ShareErrorsFromSession.php:49
#39 \vendor\laravel\framework\src\Illuminate\Pipeline\Pipeline.php:180
#40 \vendor\laravel\framework\src\Illuminate\Session\Middleware\StartSession.php:121
#41 \vendor\laravel\framework\src\Illuminate\Session\Middleware\StartSession.php:64
#42 \vendor\laravel\framework\src\Illuminate\Pipeline\Pipeline.php:180
#43 \vendor\laravel\framework\src\Illuminate\Cookie\Middleware\AddQueuedCookiesToResponse.php:37
#44 \vendor\laravel\framework\src\Illuminate\Pipeline\Pipeline.php:180
#45 \vendor\laravel\framework\src\Illuminate\Cookie\Middleware\EncryptCookies.php:67
#46 \vendor\laravel\framework\src\Illuminate\Pipeline\Pipeline.php:180
#47 \vendor\laramin\utility\src\Utility.php:14
#48 \vendor\laravel\framework\src\Illuminate\Pipeline\Pipeline.php:180
#49 \vendor\laravel\framework\src\Illuminate\Pipeline\Pipeline.php:116
  
[2024-02-01 22:12:55] local.INFO: Detected N+1 Query  
[2024-02-01 22:12:55] local.INFO: Model: App\Models\Bande
Relation: ferme
Num-Called: 2
Call-Stack:
#18 \storage\framework\views\de4c8209ed7daec42b7e6e4683c1c11b819b136d.php:46
#20 \vendor\laravel\framework\src\Illuminate\Filesystem\Filesystem.php:110
#21 \vendor\laravel\framework\src\Illuminate\View\Engines\PhpEngine.php:58
#22 \vendor\laravel\framework\src\Illuminate\View\Engines\CompilerEngine.php:70
#23 \vendor\laravel\framework\src\Illuminate\View\View.php:195
#24 \vendor\laravel\framework\src\Illuminate\View\View.php:178
#25 \vendor\laravel\framework\src\Illuminate\View\View.php:147
#26 \vendor\laravel\framework\src\Illuminate\Http\Response.php:69
#27 \vendor\laravel\framework\src\Illuminate\Http\Response.php:35
#28 \vendor\laravel\framework\src\Illuminate\Routing\Router.php:906
#29 \vendor\laravel\framework\src\Illuminate\Routing\Router.php:875
#30 \vendor\laravel\framework\src\Illuminate\Routing\Router.php:798
#31 \vendor\laravel\framework\src\Illuminate\Pipeline\Pipeline.php:141
#32 \app\Http\Middleware\RedirectIfNotAdmin.php:21
#33 \vendor\laravel\framework\src\Illuminate\Pipeline\Pipeline.php:180
#34 \vendor\laravel\framework\src\Illuminate\Routing\Middleware\SubstituteBindings.php:50
#35 \vendor\laravel\framework\src\Illuminate\Pipeline\Pipeline.php:180
#36 \vendor\laravel\framework\src\Illuminate\Foundation\Http\Middleware\VerifyCsrfToken.php:78
#37 \vendor\laravel\framework\src\Illuminate\Pipeline\Pipeline.php:180
#38 \vendor\laravel\framework\src\Illuminate\View\Middleware\ShareErrorsFromSession.php:49
#39 \vendor\laravel\framework\src\Illuminate\Pipeline\Pipeline.php:180
#40 \vendor\laravel\framework\src\Illuminate\Session\Middleware\StartSession.php:121
#41 \vendor\laravel\framework\src\Illuminate\Session\Middleware\StartSession.php:64
#42 \vendor\laravel\framework\src\Illuminate\Pipeline\Pipeline.php:180
#43 \vendor\laravel\framework\src\Illuminate\Cookie\Middleware\AddQueuedCookiesToResponse.php:37
#44 \vendor\laravel\framework\src\Illuminate\Pipeline\Pipeline.php:180
#45 \vendor\laravel\framework\src\Illuminate\Cookie\Middleware\EncryptCookies.php:67
#46 \vendor\laravel\framework\src\Illuminate\Pipeline\Pipeline.php:180
#47 \vendor\laramin\utility\src\Utility.php:14
#48 \vendor\laravel\framework\src\Illuminate\Pipeline\Pipeline.php:180
#49 \vendor\laravel\framework\src\Illuminate\Pipeline\Pipeline.php:116
  
[2024-02-01 22:13:05] local.INFO: Detected N+1 Query  
[2024-02-01 22:13:05] local.INFO: Model: App\Models\Produit
Relation: categorie
Num-Called: 9
Call-Stack:
#18 \storage\framework\views\ca6488e6e5e9f0f09b047fd09890cccd482f8998.php:61
#20 \vendor\laravel\framework\src\Illuminate\Filesystem\Filesystem.php:110
#21 \vendor\laravel\framework\src\Illuminate\View\Engines\PhpEngine.php:58
#22 \vendor\laravel\framework\src\Illuminate\View\Engines\CompilerEngine.php:70
#23 \vendor\laravel\framework\src\Illuminate\View\View.php:195
#24 \vendor\laravel\framework\src\Illuminate\View\View.php:178
#25 \vendor\laravel\framework\src\Illuminate\View\View.php:147
#26 \vendor\laravel\framework\src\Illuminate\Http\Response.php:69
#27 \vendor\laravel\framework\src\Illuminate\Http\Response.php:35
#28 \vendor\laravel\framework\src\Illuminate\Routing\Router.php:906
#29 \vendor\laravel\framework\src\Illuminate\Routing\Router.php:875
#30 \vendor\laravel\framework\src\Illuminate\Routing\Router.php:798
#31 \vendor\laravel\framework\src\Illuminate\Pipeline\Pipeline.php:141
#32 \app\Http\Middleware\RedirectIfNotAdmin.php:21
#33 \vendor\laravel\framework\src\Illuminate\Pipeline\Pipeline.php:180
#34 \vendor\laravel\framework\src\Illuminate\Routing\Middleware\SubstituteBindings.php:50
#35 \vendor\laravel\framework\src\Illuminate\Pipeline\Pipeline.php:180
#36 \vendor\laravel\framework\src\Illuminate\Foundation\Http\Middleware\VerifyCsrfToken.php:78
#37 \vendor\laravel\framework\src\Illuminate\Pipeline\Pipeline.php:180
#38 \vendor\laravel\framework\src\Illuminate\View\Middleware\ShareErrorsFromSession.php:49
#39 \vendor\laravel\framework\src\Illuminate\Pipeline\Pipeline.php:180
#40 \vendor\laravel\framework\src\Illuminate\Session\Middleware\StartSession.php:121
#41 \vendor\laravel\framework\src\Illuminate\Session\Middleware\StartSession.php:64
#42 \vendor\laravel\framework\src\Illuminate\Pipeline\Pipeline.php:180
#43 \vendor\laravel\framework\src\Illuminate\Cookie\Middleware\AddQueuedCookiesToResponse.php:37
#44 \vendor\laravel\framework\src\Illuminate\Pipeline\Pipeline.php:180
#45 \vendor\laravel\framework\src\Illuminate\Cookie\Middleware\EncryptCookies.php:67
#46 \vendor\laravel\framework\src\Illuminate\Pipeline\Pipeline.php:180
#47 \vendor\laramin\utility\src\Utility.php:14
#48 \vendor\laravel\framework\src\Illuminate\Pipeline\Pipeline.php:180
#49 \vendor\laravel\framework\src\Illuminate\Pipeline\Pipeline.php:116
  
[2024-02-01 22:13:05] local.INFO: Model: App\Models\Categorie
Relation: unite
Num-Called: 9
Call-Stack:
#18 \storage\framework\views\ca6488e6e5e9f0f09b047fd09890cccd482f8998.php:62
#20 \vendor\laravel\framework\src\Illuminate\Filesystem\Filesystem.php:110
#21 \vendor\laravel\framework\src\Illuminate\View\Engines\PhpEngine.php:58
#22 \vendor\laravel\framework\src\Illuminate\View\Engines\CompilerEngine.php:70
#23 \vendor\laravel\framework\src\Illuminate\View\View.php:195
#24 \vendor\laravel\framework\src\Illuminate\View\View.php:178
#25 \vendor\laravel\framework\src\Illuminate\View\View.php:147
#26 \vendor\laravel\framework\src\Illuminate\Http\Response.php:69
#27 \vendor\laravel\framework\src\Illuminate\Http\Response.php:35
#28 \vendor\laravel\framework\src\Illuminate\Routing\Router.php:906
#29 \vendor\laravel\framework\src\Illuminate\Routing\Router.php:875
#30 \vendor\laravel\framework\src\Illuminate\Routing\Router.php:798
#31 \vendor\laravel\framework\src\Illuminate\Pipeline\Pipeline.php:141
#32 \app\Http\Middleware\RedirectIfNotAdmin.php:21
#33 \vendor\laravel\framework\src\Illuminate\Pipeline\Pipeline.php:180
#34 \vendor\laravel\framework\src\Illuminate\Routing\Middleware\SubstituteBindings.php:50
#35 \vendor\laravel\framework\src\Illuminate\Pipeline\Pipeline.php:180
#36 \vendor\laravel\framework\src\Illuminate\Foundation\Http\Middleware\VerifyCsrfToken.php:78
#37 \vendor\laravel\framework\src\Illuminate\Pipeline\Pipeline.php:180
#38 \vendor\laravel\framework\src\Illuminate\View\Middleware\ShareErrorsFromSession.php:49
#39 \vendor\laravel\framework\src\Illuminate\Pipeline\Pipeline.php:180
#40 \vendor\laravel\framework\src\Illuminate\Session\Middleware\StartSession.php:121
#41 \vendor\laravel\framework\src\Illuminate\Session\Middleware\StartSession.php:64
#42 \vendor\laravel\framework\src\Illuminate\Pipeline\Pipeline.php:180
#43 \vendor\laravel\framework\src\Illuminate\Cookie\Middleware\AddQueuedCookiesToResponse.php:37
#44 \vendor\laravel\framework\src\Illuminate\Pipeline\Pipeline.php:180
#45 \vendor\laravel\framework\src\Illuminate\Cookie\Middleware\EncryptCookies.php:67
#46 \vendor\laravel\framework\src\Illuminate\Pipeline\Pipeline.php:180
#47 \vendor\laramin\utility\src\Utility.php:14
#48 \vendor\laravel\framework\src\Illuminate\Pipeline\Pipeline.php:180
#49 \vendor\laravel\framework\src\Illuminate\Pipeline\Pipeline.php:116
  
[2024-02-01 22:14:25] local.INFO: Detected N+1 Query  
[2024-02-01 22:14:25] local.INFO: Model: App\Models\Bande
Relation: ferme
Num-Called: 2
Call-Stack:
#18 \storage\framework\views\de4c8209ed7daec42b7e6e4683c1c11b819b136d.php:46
#20 \vendor\laravel\framework\src\Illuminate\Filesystem\Filesystem.php:110
#21 \vendor\laravel\framework\src\Illuminate\View\Engines\PhpEngine.php:58
#22 \vendor\laravel\framework\src\Illuminate\View\Engines\CompilerEngine.php:70
#23 \vendor\laravel\framework\src\Illuminate\View\View.php:195
#24 \vendor\laravel\framework\src\Illuminate\View\View.php:178
#25 \vendor\laravel\framework\src\Illuminate\View\View.php:147
#26 \vendor\laravel\framework\src\Illuminate\Http\Response.php:69
#27 \vendor\laravel\framework\src\Illuminate\Http\Response.php:35
#28 \vendor\laravel\framework\src\Illuminate\Routing\Router.php:906
#29 \vendor\laravel\framework\src\Illuminate\Routing\Router.php:875
#30 \vendor\laravel\framework\src\Illuminate\Routing\Router.php:798
#31 \vendor\laravel\framework\src\Illuminate\Pipeline\Pipeline.php:141
#32 \app\Http\Middleware\RedirectIfNotAdmin.php:21
#33 \vendor\laravel\framework\src\Illuminate\Pipeline\Pipeline.php:180
#34 \vendor\laravel\framework\src\Illuminate\Routing\Middleware\SubstituteBindings.php:50
#35 \vendor\laravel\framework\src\Illuminate\Pipeline\Pipeline.php:180
#36 \vendor\laravel\framework\src\Illuminate\Foundation\Http\Middleware\VerifyCsrfToken.php:78
#37 \vendor\laravel\framework\src\Illuminate\Pipeline\Pipeline.php:180
#38 \vendor\laravel\framework\src\Illuminate\View\Middleware\ShareErrorsFromSession.php:49
#39 \vendor\laravel\framework\src\Illuminate\Pipeline\Pipeline.php:180
#40 \vendor\laravel\framework\src\Illuminate\Session\Middleware\StartSession.php:121
#41 \vendor\laravel\framework\src\Illuminate\Session\Middleware\StartSession.php:64
#42 \vendor\laravel\framework\src\Illuminate\Pipeline\Pipeline.php:180
#43 \vendor\laravel\framework\src\Illuminate\Cookie\Middleware\AddQueuedCookiesToResponse.php:37
#44 \vendor\laravel\framework\src\Illuminate\Pipeline\Pipeline.php:180
#45 \vendor\laravel\framework\src\Illuminate\Cookie\Middleware\EncryptCookies.php:67
#46 \vendor\laravel\framework\src\Illuminate\Pipeline\Pipeline.php:180
#47 \vendor\laramin\utility\src\Utility.php:14
#48 \vendor\laravel\framework\src\Illuminate\Pipeline\Pipeline.php:180
#49 \vendor\laravel\framework\src\Illuminate\Pipeline\Pipeline.php:116
  
[2024-02-01 22:14:30] local.INFO: Detected N+1 Query  
[2024-02-01 22:14:30] local.INFO: Model: App\Models\Produit
Relation: categorie
Num-Called: 10
Call-Stack:
#18 \storage\framework\views\ca6488e6e5e9f0f09b047fd09890cccd482f8998.php:61
#20 \vendor\laravel\framework\src\Illuminate\Filesystem\Filesystem.php:110
#21 \vendor\laravel\framework\src\Illuminate\View\Engines\PhpEngine.php:58
#22 \vendor\laravel\framework\src\Illuminate\View\Engines\CompilerEngine.php:70
#23 \vendor\laravel\framework\src\Illuminate\View\View.php:195
#24 \vendor\laravel\framework\src\Illuminate\View\View.php:178
#25 \vendor\laravel\framework\src\Illuminate\View\View.php:147
#26 \vendor\laravel\framework\src\Illuminate\Http\Response.php:69
#27 \vendor\laravel\framework\src\Illuminate\Http\Response.php:35
#28 \vendor\laravel\framework\src\Illuminate\Routing\Router.php:906
#29 \vendor\laravel\framework\src\Illuminate\Routing\Router.php:875
#30 \vendor\laravel\framework\src\Illuminate\Routing\Router.php:798
#31 \vendor\laravel\framework\src\Illuminate\Pipeline\Pipeline.php:141
#32 \app\Http\Middleware\RedirectIfNotAdmin.php:21
#33 \vendor\laravel\framework\src\Illuminate\Pipeline\Pipeline.php:180
#34 \vendor\laravel\framework\src\Illuminate\Routing\Middleware\SubstituteBindings.php:50
#35 \vendor\laravel\framework\src\Illuminate\Pipeline\Pipeline.php:180
#36 \vendor\laravel\framework\src\Illuminate\Foundation\Http\Middleware\VerifyCsrfToken.php:78
#37 \vendor\laravel\framework\src\Illuminate\Pipeline\Pipeline.php:180
#38 \vendor\laravel\framework\src\Illuminate\View\Middleware\ShareErrorsFromSession.php:49
#39 \vendor\laravel\framework\src\Illuminate\Pipeline\Pipeline.php:180
#40 \vendor\laravel\framework\src\Illuminate\Session\Middleware\StartSession.php:121
#41 \vendor\laravel\framework\src\Illuminate\Session\Middleware\StartSession.php:64
#42 \vendor\laravel\framework\src\Illuminate\Pipeline\Pipeline.php:180
#43 \vendor\laravel\framework\src\Illuminate\Cookie\Middleware\AddQueuedCookiesToResponse.php:37
#44 \vendor\laravel\framework\src\Illuminate\Pipeline\Pipeline.php:180
#45 \vendor\laravel\framework\src\Illuminate\Cookie\Middleware\EncryptCookies.php:67
#46 \vendor\laravel\framework\src\Illuminate\Pipeline\Pipeline.php:180
#47 \vendor\laramin\utility\src\Utility.php:14
#48 \vendor\laravel\framework\src\Illuminate\Pipeline\Pipeline.php:180
#49 \vendor\laravel\framework\src\Illuminate\Pipeline\Pipeline.php:116
  
[2024-02-01 22:14:30] local.INFO: Model: App\Models\Categorie
Relation: unite
Num-Called: 10
Call-Stack:
#18 \storage\framework\views\ca6488e6e5e9f0f09b047fd09890cccd482f8998.php:62
#20 \vendor\laravel\framework\src\Illuminate\Filesystem\Filesystem.php:110
#21 \vendor\laravel\framework\src\Illuminate\View\Engines\PhpEngine.php:58
#22 \vendor\laravel\framework\src\Illuminate\View\Engines\CompilerEngine.php:70
#23 \vendor\laravel\framework\src\Illuminate\View\View.php:195
#24 \vendor\laravel\framework\src\Illuminate\View\View.php:178
#25 \vendor\laravel\framework\src\Illuminate\View\View.php:147
#26 \vendor\laravel\framework\src\Illuminate\Http\Response.php:69
#27 \vendor\laravel\framework\src\Illuminate\Http\Response.php:35
#28 \vendor\laravel\framework\src\Illuminate\Routing\Router.php:906
#29 \vendor\laravel\framework\src\Illuminate\Routing\Router.php:875
#30 \vendor\laravel\framework\src\Illuminate\Routing\Router.php:798
#31 \vendor\laravel\framework\src\Illuminate\Pipeline\Pipeline.php:141
#32 \app\Http\Middleware\RedirectIfNotAdmin.php:21
#33 \vendor\laravel\framework\src\Illuminate\Pipeline\Pipeline.php:180
#34 \vendor\laravel\framework\src\Illuminate\Routing\Middleware\SubstituteBindings.php:50
#35 \vendor\laravel\framework\src\Illuminate\Pipeline\Pipeline.php:180
#36 \vendor\laravel\framework\src\Illuminate\Foundation\Http\Middleware\VerifyCsrfToken.php:78
#37 \vendor\laravel\framework\src\Illuminate\Pipeline\Pipeline.php:180
#38 \vendor\laravel\framework\src\Illuminate\View\Middleware\ShareErrorsFromSession.php:49
#39 \vendor\laravel\framework\src\Illuminate\Pipeline\Pipeline.php:180
#40 \vendor\laravel\framework\src\Illuminate\Session\Middleware\StartSession.php:121
#41 \vendor\laravel\framework\src\Illuminate\Session\Middleware\StartSession.php:64
#42 \vendor\laravel\framework\src\Illuminate\Pipeline\Pipeline.php:180
#43 \vendor\laravel\framework\src\Illuminate\Cookie\Middleware\AddQueuedCookiesToResponse.php:37
#44 \vendor\laravel\framework\src\Illuminate\Pipeline\Pipeline.php:180
#45 \vendor\laravel\framework\src\Illuminate\Cookie\Middleware\EncryptCookies.php:67
#46 \vendor\laravel\framework\src\Illuminate\Pipeline\Pipeline.php:180
#47 \vendor\laramin\utility\src\Utility.php:14
#48 \vendor\laravel\framework\src\Illuminate\Pipeline\Pipeline.php:180
#49 \vendor\laravel\framework\src\Illuminate\Pipeline\Pipeline.php:116
  
[2024-02-01 22:14:36] local.INFO: Detected N+1 Query  
[2024-02-01 22:14:36] local.INFO: Model: App\Models\Produit
Relation: categorie
Num-Called: 10
Call-Stack:
#18 \storage\framework\views\ca6488e6e5e9f0f09b047fd09890cccd482f8998.php:61
#20 \vendor\laravel\framework\src\Illuminate\Filesystem\Filesystem.php:110
#21 \vendor\laravel\framework\src\Illuminate\View\Engines\PhpEngine.php:58
#22 \vendor\laravel\framework\src\Illuminate\View\Engines\CompilerEngine.php:70
#23 \vendor\laravel\framework\src\Illuminate\View\View.php:195
#24 \vendor\laravel\framework\src\Illuminate\View\View.php:178
#25 \vendor\laravel\framework\src\Illuminate\View\View.php:147
#26 \vendor\laravel\framework\src\Illuminate\Http\Response.php:69
#27 \vendor\laravel\framework\src\Illuminate\Http\Response.php:35
#28 \vendor\laravel\framework\src\Illuminate\Routing\Router.php:906
#29 \vendor\laravel\framework\src\Illuminate\Routing\Router.php:875
#30 \vendor\laravel\framework\src\Illuminate\Routing\Router.php:798
#31 \vendor\laravel\framework\src\Illuminate\Pipeline\Pipeline.php:141
#32 \app\Http\Middleware\RedirectIfNotAdmin.php:21
#33 \vendor\laravel\framework\src\Illuminate\Pipeline\Pipeline.php:180
#34 \vendor\laravel\framework\src\Illuminate\Routing\Middleware\SubstituteBindings.php:50
#35 \vendor\laravel\framework\src\Illuminate\Pipeline\Pipeline.php:180
#36 \vendor\laravel\framework\src\Illuminate\Foundation\Http\Middleware\VerifyCsrfToken.php:78
#37 \vendor\laravel\framework\src\Illuminate\Pipeline\Pipeline.php:180
#38 \vendor\laravel\framework\src\Illuminate\View\Middleware\ShareErrorsFromSession.php:49
#39 \vendor\laravel\framework\src\Illuminate\Pipeline\Pipeline.php:180
#40 \vendor\laravel\framework\src\Illuminate\Session\Middleware\StartSession.php:121
#41 \vendor\laravel\framework\src\Illuminate\Session\Middleware\StartSession.php:64
#42 \vendor\laravel\framework\src\Illuminate\Pipeline\Pipeline.php:180
#43 \vendor\laravel\framework\src\Illuminate\Cookie\Middleware\AddQueuedCookiesToResponse.php:37
#44 \vendor\laravel\framework\src\Illuminate\Pipeline\Pipeline.php:180
#45 \vendor\laravel\framework\src\Illuminate\Cookie\Middleware\EncryptCookies.php:67
#46 \vendor\laravel\framework\src\Illuminate\Pipeline\Pipeline.php:180
#47 \vendor\laramin\utility\src\Utility.php:14
#48 \vendor\laravel\framework\src\Illuminate\Pipeline\Pipeline.php:180
#49 \vendor\laravel\framework\src\Illuminate\Pipeline\Pipeline.php:116
  
[2024-02-01 22:14:36] local.INFO: Model: App\Models\Categorie
Relation: unite
Num-Called: 10
Call-Stack:
#18 \storage\framework\views\ca6488e6e5e9f0f09b047fd09890cccd482f8998.php:62
#20 \vendor\laravel\framework\src\Illuminate\Filesystem\Filesystem.php:110
#21 \vendor\laravel\framework\src\Illuminate\View\Engines\PhpEngine.php:58
#22 \vendor\laravel\framework\src\Illuminate\View\Engines\CompilerEngine.php:70
#23 \vendor\laravel\framework\src\Illuminate\View\View.php:195
#24 \vendor\laravel\framework\src\Illuminate\View\View.php:178
#25 \vendor\laravel\framework\src\Illuminate\View\View.php:147
#26 \vendor\laravel\framework\src\Illuminate\Http\Response.php:69
#27 \vendor\laravel\framework\src\Illuminate\Http\Response.php:35
#28 \vendor\laravel\framework\src\Illuminate\Routing\Router.php:906
#29 \vendor\laravel\framework\src\Illuminate\Routing\Router.php:875
#30 \vendor\laravel\framework\src\Illuminate\Routing\Router.php:798
#31 \vendor\laravel\framework\src\Illuminate\Pipeline\Pipeline.php:141
#32 \app\Http\Middleware\RedirectIfNotAdmin.php:21
#33 \vendor\laravel\framework\src\Illuminate\Pipeline\Pipeline.php:180
#34 \vendor\laravel\framework\src\Illuminate\Routing\Middleware\SubstituteBindings.php:50
#35 \vendor\laravel\framework\src\Illuminate\Pipeline\Pipeline.php:180
#36 \vendor\laravel\framework\src\Illuminate\Foundation\Http\Middleware\VerifyCsrfToken.php:78
#37 \vendor\laravel\framework\src\Illuminate\Pipeline\Pipeline.php:180
#38 \vendor\laravel\framework\src\Illuminate\View\Middleware\ShareErrorsFromSession.php:49
#39 \vendor\laravel\framework\src\Illuminate\Pipeline\Pipeline.php:180
#40 \vendor\laravel\framework\src\Illuminate\Session\Middleware\StartSession.php:121
#41 \vendor\laravel\framework\src\Illuminate\Session\Middleware\StartSession.php:64
#42 \vendor\laravel\framework\src\Illuminate\Pipeline\Pipeline.php:180
#43 \vendor\laravel\framework\src\Illuminate\Cookie\Middleware\AddQueuedCookiesToResponse.php:37
#44 \vendor\laravel\framework\src\Illuminate\Pipeline\Pipeline.php:180
#45 \vendor\laravel\framework\src\Illuminate\Cookie\Middleware\EncryptCookies.php:67
#46 \vendor\laravel\framework\src\Illuminate\Pipeline\Pipeline.php:180
#47 \vendor\laramin\utility\src\Utility.php:14
#48 \vendor\laravel\framework\src\Illuminate\Pipeline\Pipeline.php:180
#49 \vendor\laravel\framework\src\Illuminate\Pipeline\Pipeline.php:116
  
[2024-02-01 22:14:44] local.INFO: Detected N+1 Query  
[2024-02-01 22:14:44] local.INFO: Model: App\Models\Bande
Relation: ferme
Num-Called: 2
Call-Stack:
#18 \storage\framework\views\de4c8209ed7daec42b7e6e4683c1c11b819b136d.php:46
#20 \vendor\laravel\framework\src\Illuminate\Filesystem\Filesystem.php:110
#21 \vendor\laravel\framework\src\Illuminate\View\Engines\PhpEngine.php:58
#22 \vendor\laravel\framework\src\Illuminate\View\Engines\CompilerEngine.php:70
#23 \vendor\laravel\framework\src\Illuminate\View\View.php:195
#24 \vendor\laravel\framework\src\Illuminate\View\View.php:178
#25 \vendor\laravel\framework\src\Illuminate\View\View.php:147
#26 \vendor\laravel\framework\src\Illuminate\Http\Response.php:69
#27 \vendor\laravel\framework\src\Illuminate\Http\Response.php:35
#28 \vendor\laravel\framework\src\Illuminate\Routing\Router.php:906
#29 \vendor\laravel\framework\src\Illuminate\Routing\Router.php:875
#30 \vendor\laravel\framework\src\Illuminate\Routing\Router.php:798
#31 \vendor\laravel\framework\src\Illuminate\Pipeline\Pipeline.php:141
#32 \app\Http\Middleware\RedirectIfNotAdmin.php:21
#33 \vendor\laravel\framework\src\Illuminate\Pipeline\Pipeline.php:180
#34 \vendor\laravel\framework\src\Illuminate\Routing\Middleware\SubstituteBindings.php:50
#35 \vendor\laravel\framework\src\Illuminate\Pipeline\Pipeline.php:180
#36 \vendor\laravel\framework\src\Illuminate\Foundation\Http\Middleware\VerifyCsrfToken.php:78
#37 \vendor\laravel\framework\src\Illuminate\Pipeline\Pipeline.php:180
#38 \vendor\laravel\framework\src\Illuminate\View\Middleware\ShareErrorsFromSession.php:49
#39 \vendor\laravel\framework\src\Illuminate\Pipeline\Pipeline.php:180
#40 \vendor\laravel\framework\src\Illuminate\Session\Middleware\StartSession.php:121
#41 \vendor\laravel\framework\src\Illuminate\Session\Middleware\StartSession.php:64
#42 \vendor\laravel\framework\src\Illuminate\Pipeline\Pipeline.php:180
#43 \vendor\laravel\framework\src\Illuminate\Cookie\Middleware\AddQueuedCookiesToResponse.php:37
#44 \vendor\laravel\framework\src\Illuminate\Pipeline\Pipeline.php:180
#45 \vendor\laravel\framework\src\Illuminate\Cookie\Middleware\EncryptCookies.php:67
#46 \vendor\laravel\framework\src\Illuminate\Pipeline\Pipeline.php:180
#47 \vendor\laramin\utility\src\Utility.php:14
#48 \vendor\laravel\framework\src\Illuminate\Pipeline\Pipeline.php:180
#49 \vendor\laravel\framework\src\Illuminate\Pipeline\Pipeline.php:116
  
