[2024-02-03 00:00:24] local.INFO: Detected N+1 Query  
[2024-02-03 00:00:24] local.INFO: Model: App\Models\Bande
Relation: ferme
Num-Called: 2
Call-Stack:
#18 \storage\framework\views\de4c8209ed7daec42b7e6e4683c1c11b819b136d.php:46
#20 \vendor\laravel\framework\src\Illuminate\Filesystem\Filesystem.php:110
#21 \vendor\laravel\framework\src\Illuminate\View\Engines\PhpEngine.php:58
#22 \vendor\laravel\framework\src\Illuminate\View\Engines\CompilerEngine.php:70
#23 \vendor\laravel\framework\src\Illuminate\View\View.php:195
#24 \vendor\laravel\framework\src\Illuminate\View\View.php:178
#25 \vendor\laravel\framework\src\Illuminate\View\View.php:147
#26 \vendor\laravel\framework\src\Illuminate\Http\Response.php:69
#27 \vendor\laravel\framework\src\Illuminate\Http\Response.php:35
#28 \vendor\laravel\framework\src\Illuminate\Routing\Router.php:906
#29 \vendor\laravel\framework\src\Illuminate\Routing\Router.php:875
#30 \vendor\laravel\framework\src\Illuminate\Routing\Router.php:798
#31 \vendor\laravel\framework\src\Illuminate\Pipeline\Pipeline.php:141
#32 \app\Http\Middleware\RedirectIfNotAdmin.php:21
#33 \vendor\laravel\framework\src\Illuminate\Pipeline\Pipeline.php:180
#34 \vendor\laravel\framework\src\Illuminate\Routing\Middleware\SubstituteBindings.php:50
#35 \vendor\laravel\framework\src\Illuminate\Pipeline\Pipeline.php:180
#36 \vendor\laravel\framework\src\Illuminate\Foundation\Http\Middleware\VerifyCsrfToken.php:78
#37 \vendor\laravel\framework\src\Illuminate\Pipeline\Pipeline.php:180
#38 \vendor\laravel\framework\src\Illuminate\View\Middleware\ShareErrorsFromSession.php:49
#39 \vendor\laravel\framework\src\Illuminate\Pipeline\Pipeline.php:180
#40 \vendor\laravel\framework\src\Illuminate\Session\Middleware\StartSession.php:121
#41 \vendor\laravel\framework\src\Illuminate\Session\Middleware\StartSession.php:64
#42 \vendor\laravel\framework\src\Illuminate\Pipeline\Pipeline.php:180
#43 \vendor\laravel\framework\src\Illuminate\Cookie\Middleware\AddQueuedCookiesToResponse.php:37
#44 \vendor\laravel\framework\src\Illuminate\Pipeline\Pipeline.php:180
#45 \vendor\laravel\framework\src\Illuminate\Cookie\Middleware\EncryptCookies.php:67
#46 \vendor\laravel\framework\src\Illuminate\Pipeline\Pipeline.php:180
#47 \vendor\laravel\framework\src\Illuminate\Pipeline\Pipeline.php:116
#48 \vendor\laravel\framework\src\Illuminate\Routing\Router.php:799
#49 \vendor\laravel\framework\src\Illuminate\Routing\Router.php:776
  
[2024-02-03 00:42:20] local.INFO: Detected N+1 Query  
[2024-02-03 00:42:20] local.INFO: Model: App\Models\Produit
Relation: categorie
Num-Called: 9
Call-Stack:
#18 \app\Http\Controllers\Manager\LivraisonController.php:209
#19 \vendor\laravel\framework\src\Illuminate\Routing\Controller.php:54
#20 \vendor\laravel\framework\src\Illuminate\Routing\ControllerDispatcher.php:43
#21 \vendor\laravel\framework\src\Illuminate\Routing\Route.php:260
#22 \vendor\laravel\framework\src\Illuminate\Routing\Route.php:205
#23 \vendor\laravel\framework\src\Illuminate\Routing\Router.php:798
#24 \vendor\laravel\framework\src\Illuminate\Pipeline\Pipeline.php:141
#25 \app\Http\Middleware\Manager.php:20
#26 \vendor\laravel\framework\src\Illuminate\Pipeline\Pipeline.php:180
#27 \app\Http\Middleware\CheckStatus.php:22
#28 \vendor\laravel\framework\src\Illuminate\Pipeline\Pipeline.php:180
#29 \app\Http\Middleware\MaintenanceMode.php:25
#30 \vendor\laravel\framework\src\Illuminate\Pipeline\Pipeline.php:180
#31 \vendor\laravel\framework\src\Illuminate\Routing\Middleware\SubstituteBindings.php:50
#32 \vendor\laravel\framework\src\Illuminate\Pipeline\Pipeline.php:180
#33 \app\Http\Middleware\Authenticate.php:35
#34 \vendor\laravel\framework\src\Illuminate\Pipeline\Pipeline.php:180
#35 \vendor\laravel\framework\src\Illuminate\Foundation\Http\Middleware\VerifyCsrfToken.php:78
#36 \vendor\laravel\framework\src\Illuminate\Pipeline\Pipeline.php:180
#37 \vendor\laravel\framework\src\Illuminate\View\Middleware\ShareErrorsFromSession.php:49
#38 \vendor\laravel\framework\src\Illuminate\Pipeline\Pipeline.php:180
#39 \vendor\laravel\framework\src\Illuminate\Session\Middleware\StartSession.php:121
#40 \vendor\laravel\framework\src\Illuminate\Session\Middleware\StartSession.php:64
#41 \vendor\laravel\framework\src\Illuminate\Pipeline\Pipeline.php:180
#42 \vendor\laravel\framework\src\Illuminate\Cookie\Middleware\AddQueuedCookiesToResponse.php:37
#43 \vendor\laravel\framework\src\Illuminate\Pipeline\Pipeline.php:180
#44 \vendor\laravel\framework\src\Illuminate\Cookie\Middleware\EncryptCookies.php:67
#45 \vendor\laravel\framework\src\Illuminate\Pipeline\Pipeline.php:180
#46 \vendor\laravel\framework\src\Illuminate\Pipeline\Pipeline.php:116
#47 \vendor\laravel\framework\src\Illuminate\Routing\Router.php:799
#48 \vendor\laravel\framework\src\Illuminate\Routing\Router.php:776
#49 \vendor\laravel\framework\src\Illuminate\Routing\Router.php:740
  
[2024-02-03 00:42:20] local.INFO: Model: App\Models\Categorie
Relation: unite
Num-Called: 9
Call-Stack:
#18 \app\Http\Controllers\Manager\LivraisonController.php:209
#19 \vendor\laravel\framework\src\Illuminate\Routing\Controller.php:54
#20 \vendor\laravel\framework\src\Illuminate\Routing\ControllerDispatcher.php:43
#21 \vendor\laravel\framework\src\Illuminate\Routing\Route.php:260
#22 \vendor\laravel\framework\src\Illuminate\Routing\Route.php:205
#23 \vendor\laravel\framework\src\Illuminate\Routing\Router.php:798
#24 \vendor\laravel\framework\src\Illuminate\Pipeline\Pipeline.php:141
#25 \app\Http\Middleware\Manager.php:20
#26 \vendor\laravel\framework\src\Illuminate\Pipeline\Pipeline.php:180
#27 \app\Http\Middleware\CheckStatus.php:22
#28 \vendor\laravel\framework\src\Illuminate\Pipeline\Pipeline.php:180
#29 \app\Http\Middleware\MaintenanceMode.php:25
#30 \vendor\laravel\framework\src\Illuminate\Pipeline\Pipeline.php:180
#31 \vendor\laravel\framework\src\Illuminate\Routing\Middleware\SubstituteBindings.php:50
#32 \vendor\laravel\framework\src\Illuminate\Pipeline\Pipeline.php:180
#33 \app\Http\Middleware\Authenticate.php:35
#34 \vendor\laravel\framework\src\Illuminate\Pipeline\Pipeline.php:180
#35 \vendor\laravel\framework\src\Illuminate\Foundation\Http\Middleware\VerifyCsrfToken.php:78
#36 \vendor\laravel\framework\src\Illuminate\Pipeline\Pipeline.php:180
#37 \vendor\laravel\framework\src\Illuminate\View\Middleware\ShareErrorsFromSession.php:49
#38 \vendor\laravel\framework\src\Illuminate\Pipeline\Pipeline.php:180
#39 \vendor\laravel\framework\src\Illuminate\Session\Middleware\StartSession.php:121
#40 \vendor\laravel\framework\src\Illuminate\Session\Middleware\StartSession.php:64
#41 \vendor\laravel\framework\src\Illuminate\Pipeline\Pipeline.php:180
#42 \vendor\laravel\framework\src\Illuminate\Cookie\Middleware\AddQueuedCookiesToResponse.php:37
#43 \vendor\laravel\framework\src\Illuminate\Pipeline\Pipeline.php:180
#44 \vendor\laravel\framework\src\Illuminate\Cookie\Middleware\EncryptCookies.php:67
#45 \vendor\laravel\framework\src\Illuminate\Pipeline\Pipeline.php:180
#46 \vendor\laravel\framework\src\Illuminate\Pipeline\Pipeline.php:116
#47 \vendor\laravel\framework\src\Illuminate\Routing\Router.php:799
#48 \vendor\laravel\framework\src\Illuminate\Routing\Router.php:776
#49 \vendor\laravel\framework\src\Illuminate\Routing\Router.php:740
  
[2024-02-03 00:42:20] local.INFO: Model: App\Models\Produit
Relation: arrivage
Num-Called: 9
Call-Stack:
#18 \app\Http\Controllers\Manager\LivraisonController.php:211
#19 \vendor\laravel\framework\src\Illuminate\Routing\Controller.php:54
#20 \vendor\laravel\framework\src\Illuminate\Routing\ControllerDispatcher.php:43
#21 \vendor\laravel\framework\src\Illuminate\Routing\Route.php:260
#22 \vendor\laravel\framework\src\Illuminate\Routing\Route.php:205
#23 \vendor\laravel\framework\src\Illuminate\Routing\Router.php:798
#24 \vendor\laravel\framework\src\Illuminate\Pipeline\Pipeline.php:141
#25 \app\Http\Middleware\Manager.php:20
#26 \vendor\laravel\framework\src\Illuminate\Pipeline\Pipeline.php:180
#27 \app\Http\Middleware\CheckStatus.php:22
#28 \vendor\laravel\framework\src\Illuminate\Pipeline\Pipeline.php:180
#29 \app\Http\Middleware\MaintenanceMode.php:25
#30 \vendor\laravel\framework\src\Illuminate\Pipeline\Pipeline.php:180
#31 \vendor\laravel\framework\src\Illuminate\Routing\Middleware\SubstituteBindings.php:50
#32 \vendor\laravel\framework\src\Illuminate\Pipeline\Pipeline.php:180
#33 \app\Http\Middleware\Authenticate.php:35
#34 \vendor\laravel\framework\src\Illuminate\Pipeline\Pipeline.php:180
#35 \vendor\laravel\framework\src\Illuminate\Foundation\Http\Middleware\VerifyCsrfToken.php:78
#36 \vendor\laravel\framework\src\Illuminate\Pipeline\Pipeline.php:180
#37 \vendor\laravel\framework\src\Illuminate\View\Middleware\ShareErrorsFromSession.php:49
#38 \vendor\laravel\framework\src\Illuminate\Pipeline\Pipeline.php:180
#39 \vendor\laravel\framework\src\Illuminate\Session\Middleware\StartSession.php:121
#40 \vendor\laravel\framework\src\Illuminate\Session\Middleware\StartSession.php:64
#41 \vendor\laravel\framework\src\Illuminate\Pipeline\Pipeline.php:180
#42 \vendor\laravel\framework\src\Illuminate\Cookie\Middleware\AddQueuedCookiesToResponse.php:37
#43 \vendor\laravel\framework\src\Illuminate\Pipeline\Pipeline.php:180
#44 \vendor\laravel\framework\src\Illuminate\Cookie\Middleware\EncryptCookies.php:67
#45 \vendor\laravel\framework\src\Illuminate\Pipeline\Pipeline.php:180
#46 \vendor\laravel\framework\src\Illuminate\Pipeline\Pipeline.php:116
#47 \vendor\laravel\framework\src\Illuminate\Routing\Router.php:799
#48 \vendor\laravel\framework\src\Illuminate\Routing\Router.php:776
#49 \vendor\laravel\framework\src\Illuminate\Routing\Router.php:740
  
[2024-02-03 00:42:20] local.INFO: Model: App\Models\Arrivage
Relation: bande
Num-Called: 9
Call-Stack:
#18 \app\Http\Controllers\Manager\LivraisonController.php:211
#19 \vendor\laravel\framework\src\Illuminate\Routing\Controller.php:54
#20 \vendor\laravel\framework\src\Illuminate\Routing\ControllerDispatcher.php:43
#21 \vendor\laravel\framework\src\Illuminate\Routing\Route.php:260
#22 \vendor\laravel\framework\src\Illuminate\Routing\Route.php:205
#23 \vendor\laravel\framework\src\Illuminate\Routing\Router.php:798
#24 \vendor\laravel\framework\src\Illuminate\Pipeline\Pipeline.php:141
#25 \app\Http\Middleware\Manager.php:20
#26 \vendor\laravel\framework\src\Illuminate\Pipeline\Pipeline.php:180
#27 \app\Http\Middleware\CheckStatus.php:22
#28 \vendor\laravel\framework\src\Illuminate\Pipeline\Pipeline.php:180
#29 \app\Http\Middleware\MaintenanceMode.php:25
#30 \vendor\laravel\framework\src\Illuminate\Pipeline\Pipeline.php:180
#31 \vendor\laravel\framework\src\Illuminate\Routing\Middleware\SubstituteBindings.php:50
#32 \vendor\laravel\framework\src\Illuminate\Pipeline\Pipeline.php:180
#33 \app\Http\Middleware\Authenticate.php:35
#34 \vendor\laravel\framework\src\Illuminate\Pipeline\Pipeline.php:180
#35 \vendor\laravel\framework\src\Illuminate\Foundation\Http\Middleware\VerifyCsrfToken.php:78
#36 \vendor\laravel\framework\src\Illuminate\Pipeline\Pipeline.php:180
#37 \vendor\laravel\framework\src\Illuminate\View\Middleware\ShareErrorsFromSession.php:49
#38 \vendor\laravel\framework\src\Illuminate\Pipeline\Pipeline.php:180
#39 \vendor\laravel\framework\src\Illuminate\Session\Middleware\StartSession.php:121
#40 \vendor\laravel\framework\src\Illuminate\Session\Middleware\StartSession.php:64
#41 \vendor\laravel\framework\src\Illuminate\Pipeline\Pipeline.php:180
#42 \vendor\laravel\framework\src\Illuminate\Cookie\Middleware\AddQueuedCookiesToResponse.php:37
#43 \vendor\laravel\framework\src\Illuminate\Pipeline\Pipeline.php:180
#44 \vendor\laravel\framework\src\Illuminate\Cookie\Middleware\EncryptCookies.php:67
#45 \vendor\laravel\framework\src\Illuminate\Pipeline\Pipeline.php:180
#46 \vendor\laravel\framework\src\Illuminate\Pipeline\Pipeline.php:116
#47 \vendor\laravel\framework\src\Illuminate\Routing\Router.php:799
#48 \vendor\laravel\framework\src\Illuminate\Routing\Router.php:776
#49 \vendor\laravel\framework\src\Illuminate\Routing\Router.php:740
  
[2024-02-03 00:55:02] local.INFO: Detected N+1 Query  
[2024-02-03 00:55:02] local.INFO: Model: App\Models\Produit
Relation: categorie
Num-Called: 9
Call-Stack:
#18 \app\Http\Controllers\Manager\LivraisonController.php:213
#19 \vendor\laravel\framework\src\Illuminate\Routing\Controller.php:54
#20 \vendor\laravel\framework\src\Illuminate\Routing\ControllerDispatcher.php:43
#21 \vendor\laravel\framework\src\Illuminate\Routing\Route.php:260
#22 \vendor\laravel\framework\src\Illuminate\Routing\Route.php:205
#23 \vendor\laravel\framework\src\Illuminate\Routing\Router.php:798
#24 \vendor\laravel\framework\src\Illuminate\Pipeline\Pipeline.php:141
#25 \app\Http\Middleware\Manager.php:20
#26 \vendor\laravel\framework\src\Illuminate\Pipeline\Pipeline.php:180
#27 \app\Http\Middleware\CheckStatus.php:22
#28 \vendor\laravel\framework\src\Illuminate\Pipeline\Pipeline.php:180
#29 \app\Http\Middleware\MaintenanceMode.php:25
#30 \vendor\laravel\framework\src\Illuminate\Pipeline\Pipeline.php:180
#31 \vendor\laravel\framework\src\Illuminate\Routing\Middleware\SubstituteBindings.php:50
#32 \vendor\laravel\framework\src\Illuminate\Pipeline\Pipeline.php:180
#33 \app\Http\Middleware\Authenticate.php:35
#34 \vendor\laravel\framework\src\Illuminate\Pipeline\Pipeline.php:180
#35 \vendor\laravel\framework\src\Illuminate\Foundation\Http\Middleware\VerifyCsrfToken.php:78
#36 \vendor\laravel\framework\src\Illuminate\Pipeline\Pipeline.php:180
#37 \vendor\laravel\framework\src\Illuminate\View\Middleware\ShareErrorsFromSession.php:49
#38 \vendor\laravel\framework\src\Illuminate\Pipeline\Pipeline.php:180
#39 \vendor\laravel\framework\src\Illuminate\Session\Middleware\StartSession.php:121
#40 \vendor\laravel\framework\src\Illuminate\Session\Middleware\StartSession.php:64
#41 \vendor\laravel\framework\src\Illuminate\Pipeline\Pipeline.php:180
#42 \vendor\laravel\framework\src\Illuminate\Cookie\Middleware\AddQueuedCookiesToResponse.php:37
#43 \vendor\laravel\framework\src\Illuminate\Pipeline\Pipeline.php:180
#44 \vendor\laravel\framework\src\Illuminate\Cookie\Middleware\EncryptCookies.php:67
#45 \vendor\laravel\framework\src\Illuminate\Pipeline\Pipeline.php:180
#46 \vendor\laravel\framework\src\Illuminate\Pipeline\Pipeline.php:116
#47 \vendor\laravel\framework\src\Illuminate\Routing\Router.php:799
#48 \vendor\laravel\framework\src\Illuminate\Routing\Router.php:776
#49 \vendor\laravel\framework\src\Illuminate\Routing\Router.php:740
  
[2024-02-03 00:55:02] local.INFO: Model: App\Models\Categorie
Relation: unite
Num-Called: 9
Call-Stack:
#18 \app\Http\Controllers\Manager\LivraisonController.php:213
#19 \vendor\laravel\framework\src\Illuminate\Routing\Controller.php:54
#20 \vendor\laravel\framework\src\Illuminate\Routing\ControllerDispatcher.php:43
#21 \vendor\laravel\framework\src\Illuminate\Routing\Route.php:260
#22 \vendor\laravel\framework\src\Illuminate\Routing\Route.php:205
#23 \vendor\laravel\framework\src\Illuminate\Routing\Router.php:798
#24 \vendor\laravel\framework\src\Illuminate\Pipeline\Pipeline.php:141
#25 \app\Http\Middleware\Manager.php:20
#26 \vendor\laravel\framework\src\Illuminate\Pipeline\Pipeline.php:180
#27 \app\Http\Middleware\CheckStatus.php:22
#28 \vendor\laravel\framework\src\Illuminate\Pipeline\Pipeline.php:180
#29 \app\Http\Middleware\MaintenanceMode.php:25
#30 \vendor\laravel\framework\src\Illuminate\Pipeline\Pipeline.php:180
#31 \vendor\laravel\framework\src\Illuminate\Routing\Middleware\SubstituteBindings.php:50
#32 \vendor\laravel\framework\src\Illuminate\Pipeline\Pipeline.php:180
#33 \app\Http\Middleware\Authenticate.php:35
#34 \vendor\laravel\framework\src\Illuminate\Pipeline\Pipeline.php:180
#35 \vendor\laravel\framework\src\Illuminate\Foundation\Http\Middleware\VerifyCsrfToken.php:78
#36 \vendor\laravel\framework\src\Illuminate\Pipeline\Pipeline.php:180
#37 \vendor\laravel\framework\src\Illuminate\View\Middleware\ShareErrorsFromSession.php:49
#38 \vendor\laravel\framework\src\Illuminate\Pipeline\Pipeline.php:180
#39 \vendor\laravel\framework\src\Illuminate\Session\Middleware\StartSession.php:121
#40 \vendor\laravel\framework\src\Illuminate\Session\Middleware\StartSession.php:64
#41 \vendor\laravel\framework\src\Illuminate\Pipeline\Pipeline.php:180
#42 \vendor\laravel\framework\src\Illuminate\Cookie\Middleware\AddQueuedCookiesToResponse.php:37
#43 \vendor\laravel\framework\src\Illuminate\Pipeline\Pipeline.php:180
#44 \vendor\laravel\framework\src\Illuminate\Cookie\Middleware\EncryptCookies.php:67
#45 \vendor\laravel\framework\src\Illuminate\Pipeline\Pipeline.php:180
#46 \vendor\laravel\framework\src\Illuminate\Pipeline\Pipeline.php:116
#47 \vendor\laravel\framework\src\Illuminate\Routing\Router.php:799
#48 \vendor\laravel\framework\src\Illuminate\Routing\Router.php:776
#49 \vendor\laravel\framework\src\Illuminate\Routing\Router.php:740
  
[2024-02-03 00:55:02] local.INFO: Model: App\Models\Produit
Relation: arrivage
Num-Called: 9
Call-Stack:
#18 \app\Http\Controllers\Manager\LivraisonController.php:215
#19 \vendor\laravel\framework\src\Illuminate\Routing\Controller.php:54
#20 \vendor\laravel\framework\src\Illuminate\Routing\ControllerDispatcher.php:43
#21 \vendor\laravel\framework\src\Illuminate\Routing\Route.php:260
#22 \vendor\laravel\framework\src\Illuminate\Routing\Route.php:205
#23 \vendor\laravel\framework\src\Illuminate\Routing\Router.php:798
#24 \vendor\laravel\framework\src\Illuminate\Pipeline\Pipeline.php:141
#25 \app\Http\Middleware\Manager.php:20
#26 \vendor\laravel\framework\src\Illuminate\Pipeline\Pipeline.php:180
#27 \app\Http\Middleware\CheckStatus.php:22
#28 \vendor\laravel\framework\src\Illuminate\Pipeline\Pipeline.php:180
#29 \app\Http\Middleware\MaintenanceMode.php:25
#30 \vendor\laravel\framework\src\Illuminate\Pipeline\Pipeline.php:180
#31 \vendor\laravel\framework\src\Illuminate\Routing\Middleware\SubstituteBindings.php:50
#32 \vendor\laravel\framework\src\Illuminate\Pipeline\Pipeline.php:180
#33 \app\Http\Middleware\Authenticate.php:35
#34 \vendor\laravel\framework\src\Illuminate\Pipeline\Pipeline.php:180
#35 \vendor\laravel\framework\src\Illuminate\Foundation\Http\Middleware\VerifyCsrfToken.php:78
#36 \vendor\laravel\framework\src\Illuminate\Pipeline\Pipeline.php:180
#37 \vendor\laravel\framework\src\Illuminate\View\Middleware\ShareErrorsFromSession.php:49
#38 \vendor\laravel\framework\src\Illuminate\Pipeline\Pipeline.php:180
#39 \vendor\laravel\framework\src\Illuminate\Session\Middleware\StartSession.php:121
#40 \vendor\laravel\framework\src\Illuminate\Session\Middleware\StartSession.php:64
#41 \vendor\laravel\framework\src\Illuminate\Pipeline\Pipeline.php:180
#42 \vendor\laravel\framework\src\Illuminate\Cookie\Middleware\AddQueuedCookiesToResponse.php:37
#43 \vendor\laravel\framework\src\Illuminate\Pipeline\Pipeline.php:180
#44 \vendor\laravel\framework\src\Illuminate\Cookie\Middleware\EncryptCookies.php:67
#45 \vendor\laravel\framework\src\Illuminate\Pipeline\Pipeline.php:180
#46 \vendor\laravel\framework\src\Illuminate\Pipeline\Pipeline.php:116
#47 \vendor\laravel\framework\src\Illuminate\Routing\Router.php:799
#48 \vendor\laravel\framework\src\Illuminate\Routing\Router.php:776
#49 \vendor\laravel\framework\src\Illuminate\Routing\Router.php:740
  
[2024-02-03 00:55:02] local.INFO: Model: App\Models\Arrivage
Relation: bande
Num-Called: 9
Call-Stack:
#18 \app\Http\Controllers\Manager\LivraisonController.php:215
#19 \vendor\laravel\framework\src\Illuminate\Routing\Controller.php:54
#20 \vendor\laravel\framework\src\Illuminate\Routing\ControllerDispatcher.php:43
#21 \vendor\laravel\framework\src\Illuminate\Routing\Route.php:260
#22 \vendor\laravel\framework\src\Illuminate\Routing\Route.php:205
#23 \vendor\laravel\framework\src\Illuminate\Routing\Router.php:798
#24 \vendor\laravel\framework\src\Illuminate\Pipeline\Pipeline.php:141
#25 \app\Http\Middleware\Manager.php:20
#26 \vendor\laravel\framework\src\Illuminate\Pipeline\Pipeline.php:180
#27 \app\Http\Middleware\CheckStatus.php:22
#28 \vendor\laravel\framework\src\Illuminate\Pipeline\Pipeline.php:180
#29 \app\Http\Middleware\MaintenanceMode.php:25
#30 \vendor\laravel\framework\src\Illuminate\Pipeline\Pipeline.php:180
#31 \vendor\laravel\framework\src\Illuminate\Routing\Middleware\SubstituteBindings.php:50
#32 \vendor\laravel\framework\src\Illuminate\Pipeline\Pipeline.php:180
#33 \app\Http\Middleware\Authenticate.php:35
#34 \vendor\laravel\framework\src\Illuminate\Pipeline\Pipeline.php:180
#35 \vendor\laravel\framework\src\Illuminate\Foundation\Http\Middleware\VerifyCsrfToken.php:78
#36 \vendor\laravel\framework\src\Illuminate\Pipeline\Pipeline.php:180
#37 \vendor\laravel\framework\src\Illuminate\View\Middleware\ShareErrorsFromSession.php:49
#38 \vendor\laravel\framework\src\Illuminate\Pipeline\Pipeline.php:180
#39 \vendor\laravel\framework\src\Illuminate\Session\Middleware\StartSession.php:121
#40 \vendor\laravel\framework\src\Illuminate\Session\Middleware\StartSession.php:64
#41 \vendor\laravel\framework\src\Illuminate\Pipeline\Pipeline.php:180
#42 \vendor\laravel\framework\src\Illuminate\Cookie\Middleware\AddQueuedCookiesToResponse.php:37
#43 \vendor\laravel\framework\src\Illuminate\Pipeline\Pipeline.php:180
#44 \vendor\laravel\framework\src\Illuminate\Cookie\Middleware\EncryptCookies.php:67
#45 \vendor\laravel\framework\src\Illuminate\Pipeline\Pipeline.php:180
#46 \vendor\laravel\framework\src\Illuminate\Pipeline\Pipeline.php:116
#47 \vendor\laravel\framework\src\Illuminate\Routing\Router.php:799
#48 \vendor\laravel\framework\src\Illuminate\Routing\Router.php:776
#49 \vendor\laravel\framework\src\Illuminate\Routing\Router.php:740
  
[2024-02-03 00:56:28] local.INFO: Detected N+1 Query  
[2024-02-03 00:56:28] local.INFO: Model: App\Models\Produit
Relation: categorie
Num-Called: 7
Call-Stack:
#18 \app\Http\Controllers\Manager\LivraisonController.php:213
#19 \vendor\laravel\framework\src\Illuminate\Routing\Controller.php:54
#20 \vendor\laravel\framework\src\Illuminate\Routing\ControllerDispatcher.php:43
#21 \vendor\laravel\framework\src\Illuminate\Routing\Route.php:260
#22 \vendor\laravel\framework\src\Illuminate\Routing\Route.php:205
#23 \vendor\laravel\framework\src\Illuminate\Routing\Router.php:798
#24 \vendor\laravel\framework\src\Illuminate\Pipeline\Pipeline.php:141
#25 \app\Http\Middleware\Manager.php:20
#26 \vendor\laravel\framework\src\Illuminate\Pipeline\Pipeline.php:180
#27 \app\Http\Middleware\CheckStatus.php:22
#28 \vendor\laravel\framework\src\Illuminate\Pipeline\Pipeline.php:180
#29 \app\Http\Middleware\MaintenanceMode.php:25
#30 \vendor\laravel\framework\src\Illuminate\Pipeline\Pipeline.php:180
#31 \vendor\laravel\framework\src\Illuminate\Routing\Middleware\SubstituteBindings.php:50
#32 \vendor\laravel\framework\src\Illuminate\Pipeline\Pipeline.php:180
#33 \app\Http\Middleware\Authenticate.php:35
#34 \vendor\laravel\framework\src\Illuminate\Pipeline\Pipeline.php:180
#35 \vendor\laravel\framework\src\Illuminate\Foundation\Http\Middleware\VerifyCsrfToken.php:78
#36 \vendor\laravel\framework\src\Illuminate\Pipeline\Pipeline.php:180
#37 \vendor\laravel\framework\src\Illuminate\View\Middleware\ShareErrorsFromSession.php:49
#38 \vendor\laravel\framework\src\Illuminate\Pipeline\Pipeline.php:180
#39 \vendor\laravel\framework\src\Illuminate\Session\Middleware\StartSession.php:121
#40 \vendor\laravel\framework\src\Illuminate\Session\Middleware\StartSession.php:64
#41 \vendor\laravel\framework\src\Illuminate\Pipeline\Pipeline.php:180
#42 \vendor\laravel\framework\src\Illuminate\Cookie\Middleware\AddQueuedCookiesToResponse.php:37
#43 \vendor\laravel\framework\src\Illuminate\Pipeline\Pipeline.php:180
#44 \vendor\laravel\framework\src\Illuminate\Cookie\Middleware\EncryptCookies.php:67
#45 \vendor\laravel\framework\src\Illuminate\Pipeline\Pipeline.php:180
#46 \vendor\laravel\framework\src\Illuminate\Pipeline\Pipeline.php:116
#47 \vendor\laravel\framework\src\Illuminate\Routing\Router.php:799
#48 \vendor\laravel\framework\src\Illuminate\Routing\Router.php:776
#49 \vendor\laravel\framework\src\Illuminate\Routing\Router.php:740
  
[2024-02-03 00:56:28] local.INFO: Model: App\Models\Categorie
Relation: unite
Num-Called: 7
Call-Stack:
#18 \app\Http\Controllers\Manager\LivraisonController.php:213
#19 \vendor\laravel\framework\src\Illuminate\Routing\Controller.php:54
#20 \vendor\laravel\framework\src\Illuminate\Routing\ControllerDispatcher.php:43
#21 \vendor\laravel\framework\src\Illuminate\Routing\Route.php:260
#22 \vendor\laravel\framework\src\Illuminate\Routing\Route.php:205
#23 \vendor\laravel\framework\src\Illuminate\Routing\Router.php:798
#24 \vendor\laravel\framework\src\Illuminate\Pipeline\Pipeline.php:141
#25 \app\Http\Middleware\Manager.php:20
#26 \vendor\laravel\framework\src\Illuminate\Pipeline\Pipeline.php:180
#27 \app\Http\Middleware\CheckStatus.php:22
#28 \vendor\laravel\framework\src\Illuminate\Pipeline\Pipeline.php:180
#29 \app\Http\Middleware\MaintenanceMode.php:25
#30 \vendor\laravel\framework\src\Illuminate\Pipeline\Pipeline.php:180
#31 \vendor\laravel\framework\src\Illuminate\Routing\Middleware\SubstituteBindings.php:50
#32 \vendor\laravel\framework\src\Illuminate\Pipeline\Pipeline.php:180
#33 \app\Http\Middleware\Authenticate.php:35
#34 \vendor\laravel\framework\src\Illuminate\Pipeline\Pipeline.php:180
#35 \vendor\laravel\framework\src\Illuminate\Foundation\Http\Middleware\VerifyCsrfToken.php:78
#36 \vendor\laravel\framework\src\Illuminate\Pipeline\Pipeline.php:180
#37 \vendor\laravel\framework\src\Illuminate\View\Middleware\ShareErrorsFromSession.php:49
#38 \vendor\laravel\framework\src\Illuminate\Pipeline\Pipeline.php:180
#39 \vendor\laravel\framework\src\Illuminate\Session\Middleware\StartSession.php:121
#40 \vendor\laravel\framework\src\Illuminate\Session\Middleware\StartSession.php:64
#41 \vendor\laravel\framework\src\Illuminate\Pipeline\Pipeline.php:180
#42 \vendor\laravel\framework\src\Illuminate\Cookie\Middleware\AddQueuedCookiesToResponse.php:37
#43 \vendor\laravel\framework\src\Illuminate\Pipeline\Pipeline.php:180
#44 \vendor\laravel\framework\src\Illuminate\Cookie\Middleware\EncryptCookies.php:67
#45 \vendor\laravel\framework\src\Illuminate\Pipeline\Pipeline.php:180
#46 \vendor\laravel\framework\src\Illuminate\Pipeline\Pipeline.php:116
#47 \vendor\laravel\framework\src\Illuminate\Routing\Router.php:799
#48 \vendor\laravel\framework\src\Illuminate\Routing\Router.php:776
#49 \vendor\laravel\framework\src\Illuminate\Routing\Router.php:740
  
[2024-02-03 00:56:28] local.INFO: Model: App\Models\Produit
Relation: arrivage
Num-Called: 7
Call-Stack:
#18 \app\Http\Controllers\Manager\LivraisonController.php:215
#19 \vendor\laravel\framework\src\Illuminate\Routing\Controller.php:54
#20 \vendor\laravel\framework\src\Illuminate\Routing\ControllerDispatcher.php:43
#21 \vendor\laravel\framework\src\Illuminate\Routing\Route.php:260
#22 \vendor\laravel\framework\src\Illuminate\Routing\Route.php:205
#23 \vendor\laravel\framework\src\Illuminate\Routing\Router.php:798
#24 \vendor\laravel\framework\src\Illuminate\Pipeline\Pipeline.php:141
#25 \app\Http\Middleware\Manager.php:20
#26 \vendor\laravel\framework\src\Illuminate\Pipeline\Pipeline.php:180
#27 \app\Http\Middleware\CheckStatus.php:22
#28 \vendor\laravel\framework\src\Illuminate\Pipeline\Pipeline.php:180
#29 \app\Http\Middleware\MaintenanceMode.php:25
#30 \vendor\laravel\framework\src\Illuminate\Pipeline\Pipeline.php:180
#31 \vendor\laravel\framework\src\Illuminate\Routing\Middleware\SubstituteBindings.php:50
#32 \vendor\laravel\framework\src\Illuminate\Pipeline\Pipeline.php:180
#33 \app\Http\Middleware\Authenticate.php:35
#34 \vendor\laravel\framework\src\Illuminate\Pipeline\Pipeline.php:180
#35 \vendor\laravel\framework\src\Illuminate\Foundation\Http\Middleware\VerifyCsrfToken.php:78
#36 \vendor\laravel\framework\src\Illuminate\Pipeline\Pipeline.php:180
#37 \vendor\laravel\framework\src\Illuminate\View\Middleware\ShareErrorsFromSession.php:49
#38 \vendor\laravel\framework\src\Illuminate\Pipeline\Pipeline.php:180
#39 \vendor\laravel\framework\src\Illuminate\Session\Middleware\StartSession.php:121
#40 \vendor\laravel\framework\src\Illuminate\Session\Middleware\StartSession.php:64
#41 \vendor\laravel\framework\src\Illuminate\Pipeline\Pipeline.php:180
#42 \vendor\laravel\framework\src\Illuminate\Cookie\Middleware\AddQueuedCookiesToResponse.php:37
#43 \vendor\laravel\framework\src\Illuminate\Pipeline\Pipeline.php:180
#44 \vendor\laravel\framework\src\Illuminate\Cookie\Middleware\EncryptCookies.php:67
#45 \vendor\laravel\framework\src\Illuminate\Pipeline\Pipeline.php:180
#46 \vendor\laravel\framework\src\Illuminate\Pipeline\Pipeline.php:116
#47 \vendor\laravel\framework\src\Illuminate\Routing\Router.php:799
#48 \vendor\laravel\framework\src\Illuminate\Routing\Router.php:776
#49 \vendor\laravel\framework\src\Illuminate\Routing\Router.php:740
  
[2024-02-03 00:56:28] local.INFO: Model: App\Models\Arrivage
Relation: bande
Num-Called: 7
Call-Stack:
#18 \app\Http\Controllers\Manager\LivraisonController.php:215
#19 \vendor\laravel\framework\src\Illuminate\Routing\Controller.php:54
#20 \vendor\laravel\framework\src\Illuminate\Routing\ControllerDispatcher.php:43
#21 \vendor\laravel\framework\src\Illuminate\Routing\Route.php:260
#22 \vendor\laravel\framework\src\Illuminate\Routing\Route.php:205
#23 \vendor\laravel\framework\src\Illuminate\Routing\Router.php:798
#24 \vendor\laravel\framework\src\Illuminate\Pipeline\Pipeline.php:141
#25 \app\Http\Middleware\Manager.php:20
#26 \vendor\laravel\framework\src\Illuminate\Pipeline\Pipeline.php:180
#27 \app\Http\Middleware\CheckStatus.php:22
#28 \vendor\laravel\framework\src\Illuminate\Pipeline\Pipeline.php:180
#29 \app\Http\Middleware\MaintenanceMode.php:25
#30 \vendor\laravel\framework\src\Illuminate\Pipeline\Pipeline.php:180
#31 \vendor\laravel\framework\src\Illuminate\Routing\Middleware\SubstituteBindings.php:50
#32 \vendor\laravel\framework\src\Illuminate\Pipeline\Pipeline.php:180
#33 \app\Http\Middleware\Authenticate.php:35
#34 \vendor\laravel\framework\src\Illuminate\Pipeline\Pipeline.php:180
#35 \vendor\laravel\framework\src\Illuminate\Foundation\Http\Middleware\VerifyCsrfToken.php:78
#36 \vendor\laravel\framework\src\Illuminate\Pipeline\Pipeline.php:180
#37 \vendor\laravel\framework\src\Illuminate\View\Middleware\ShareErrorsFromSession.php:49
#38 \vendor\laravel\framework\src\Illuminate\Pipeline\Pipeline.php:180
#39 \vendor\laravel\framework\src\Illuminate\Session\Middleware\StartSession.php:121
#40 \vendor\laravel\framework\src\Illuminate\Session\Middleware\StartSession.php:64
#41 \vendor\laravel\framework\src\Illuminate\Pipeline\Pipeline.php:180
#42 \vendor\laravel\framework\src\Illuminate\Cookie\Middleware\AddQueuedCookiesToResponse.php:37
#43 \vendor\laravel\framework\src\Illuminate\Pipeline\Pipeline.php:180
#44 \vendor\laravel\framework\src\Illuminate\Cookie\Middleware\EncryptCookies.php:67
#45 \vendor\laravel\framework\src\Illuminate\Pipeline\Pipeline.php:180
#46 \vendor\laravel\framework\src\Illuminate\Pipeline\Pipeline.php:116
#47 \vendor\laravel\framework\src\Illuminate\Routing\Router.php:799
#48 \vendor\laravel\framework\src\Illuminate\Routing\Router.php:776
#49 \vendor\laravel\framework\src\Illuminate\Routing\Router.php:740
  
[2024-02-03 00:58:54] local.INFO: Detected N+1 Query  
[2024-02-03 00:58:54] local.INFO: Model: App\Models\Produit
Relation: categorie
Num-Called: 3
Call-Stack:
#18 \app\Http\Controllers\Manager\LivraisonController.php:213
#19 \vendor\laravel\framework\src\Illuminate\Routing\Controller.php:54
#20 \vendor\laravel\framework\src\Illuminate\Routing\ControllerDispatcher.php:43
#21 \vendor\laravel\framework\src\Illuminate\Routing\Route.php:260
#22 \vendor\laravel\framework\src\Illuminate\Routing\Route.php:205
#23 \vendor\laravel\framework\src\Illuminate\Routing\Router.php:798
#24 \vendor\laravel\framework\src\Illuminate\Pipeline\Pipeline.php:141
#25 \app\Http\Middleware\Manager.php:20
#26 \vendor\laravel\framework\src\Illuminate\Pipeline\Pipeline.php:180
#27 \app\Http\Middleware\CheckStatus.php:22
#28 \vendor\laravel\framework\src\Illuminate\Pipeline\Pipeline.php:180
#29 \app\Http\Middleware\MaintenanceMode.php:25
#30 \vendor\laravel\framework\src\Illuminate\Pipeline\Pipeline.php:180
#31 \vendor\laravel\framework\src\Illuminate\Routing\Middleware\SubstituteBindings.php:50
#32 \vendor\laravel\framework\src\Illuminate\Pipeline\Pipeline.php:180
#33 \app\Http\Middleware\Authenticate.php:35
#34 \vendor\laravel\framework\src\Illuminate\Pipeline\Pipeline.php:180
#35 \vendor\laravel\framework\src\Illuminate\Foundation\Http\Middleware\VerifyCsrfToken.php:78
#36 \vendor\laravel\framework\src\Illuminate\Pipeline\Pipeline.php:180
#37 \vendor\laravel\framework\src\Illuminate\View\Middleware\ShareErrorsFromSession.php:49
#38 \vendor\laravel\framework\src\Illuminate\Pipeline\Pipeline.php:180
#39 \vendor\laravel\framework\src\Illuminate\Session\Middleware\StartSession.php:121
#40 \vendor\laravel\framework\src\Illuminate\Session\Middleware\StartSession.php:64
#41 \vendor\laravel\framework\src\Illuminate\Pipeline\Pipeline.php:180
#42 \vendor\laravel\framework\src\Illuminate\Cookie\Middleware\AddQueuedCookiesToResponse.php:37
#43 \vendor\laravel\framework\src\Illuminate\Pipeline\Pipeline.php:180
#44 \vendor\laravel\framework\src\Illuminate\Cookie\Middleware\EncryptCookies.php:67
#45 \vendor\laravel\framework\src\Illuminate\Pipeline\Pipeline.php:180
#46 \vendor\laravel\framework\src\Illuminate\Pipeline\Pipeline.php:116
#47 \vendor\laravel\framework\src\Illuminate\Routing\Router.php:799
#48 \vendor\laravel\framework\src\Illuminate\Routing\Router.php:776
#49 \vendor\laravel\framework\src\Illuminate\Routing\Router.php:740
  
[2024-02-03 00:58:54] local.INFO: Model: App\Models\Categorie
Relation: unite
Num-Called: 3
Call-Stack:
#18 \app\Http\Controllers\Manager\LivraisonController.php:213
#19 \vendor\laravel\framework\src\Illuminate\Routing\Controller.php:54
#20 \vendor\laravel\framework\src\Illuminate\Routing\ControllerDispatcher.php:43
#21 \vendor\laravel\framework\src\Illuminate\Routing\Route.php:260
#22 \vendor\laravel\framework\src\Illuminate\Routing\Route.php:205
#23 \vendor\laravel\framework\src\Illuminate\Routing\Router.php:798
#24 \vendor\laravel\framework\src\Illuminate\Pipeline\Pipeline.php:141
#25 \app\Http\Middleware\Manager.php:20
#26 \vendor\laravel\framework\src\Illuminate\Pipeline\Pipeline.php:180
#27 \app\Http\Middleware\CheckStatus.php:22
#28 \vendor\laravel\framework\src\Illuminate\Pipeline\Pipeline.php:180
#29 \app\Http\Middleware\MaintenanceMode.php:25
#30 \vendor\laravel\framework\src\Illuminate\Pipeline\Pipeline.php:180
#31 \vendor\laravel\framework\src\Illuminate\Routing\Middleware\SubstituteBindings.php:50
#32 \vendor\laravel\framework\src\Illuminate\Pipeline\Pipeline.php:180
#33 \app\Http\Middleware\Authenticate.php:35
#34 \vendor\laravel\framework\src\Illuminate\Pipeline\Pipeline.php:180
#35 \vendor\laravel\framework\src\Illuminate\Foundation\Http\Middleware\VerifyCsrfToken.php:78
#36 \vendor\laravel\framework\src\Illuminate\Pipeline\Pipeline.php:180
#37 \vendor\laravel\framework\src\Illuminate\View\Middleware\ShareErrorsFromSession.php:49
#38 \vendor\laravel\framework\src\Illuminate\Pipeline\Pipeline.php:180
#39 \vendor\laravel\framework\src\Illuminate\Session\Middleware\StartSession.php:121
#40 \vendor\laravel\framework\src\Illuminate\Session\Middleware\StartSession.php:64
#41 \vendor\laravel\framework\src\Illuminate\Pipeline\Pipeline.php:180
#42 \vendor\laravel\framework\src\Illuminate\Cookie\Middleware\AddQueuedCookiesToResponse.php:37
#43 \vendor\laravel\framework\src\Illuminate\Pipeline\Pipeline.php:180
#44 \vendor\laravel\framework\src\Illuminate\Cookie\Middleware\EncryptCookies.php:67
#45 \vendor\laravel\framework\src\Illuminate\Pipeline\Pipeline.php:180
#46 \vendor\laravel\framework\src\Illuminate\Pipeline\Pipeline.php:116
#47 \vendor\laravel\framework\src\Illuminate\Routing\Router.php:799
#48 \vendor\laravel\framework\src\Illuminate\Routing\Router.php:776
#49 \vendor\laravel\framework\src\Illuminate\Routing\Router.php:740
  
[2024-02-03 00:58:54] local.INFO: Model: App\Models\Produit
Relation: arrivage
Num-Called: 3
Call-Stack:
#18 \app\Http\Controllers\Manager\LivraisonController.php:215
#19 \vendor\laravel\framework\src\Illuminate\Routing\Controller.php:54
#20 \vendor\laravel\framework\src\Illuminate\Routing\ControllerDispatcher.php:43
#21 \vendor\laravel\framework\src\Illuminate\Routing\Route.php:260
#22 \vendor\laravel\framework\src\Illuminate\Routing\Route.php:205
#23 \vendor\laravel\framework\src\Illuminate\Routing\Router.php:798
#24 \vendor\laravel\framework\src\Illuminate\Pipeline\Pipeline.php:141
#25 \app\Http\Middleware\Manager.php:20
#26 \vendor\laravel\framework\src\Illuminate\Pipeline\Pipeline.php:180
#27 \app\Http\Middleware\CheckStatus.php:22
#28 \vendor\laravel\framework\src\Illuminate\Pipeline\Pipeline.php:180
#29 \app\Http\Middleware\MaintenanceMode.php:25
#30 \vendor\laravel\framework\src\Illuminate\Pipeline\Pipeline.php:180
#31 \vendor\laravel\framework\src\Illuminate\Routing\Middleware\SubstituteBindings.php:50
#32 \vendor\laravel\framework\src\Illuminate\Pipeline\Pipeline.php:180
#33 \app\Http\Middleware\Authenticate.php:35
#34 \vendor\laravel\framework\src\Illuminate\Pipeline\Pipeline.php:180
#35 \vendor\laravel\framework\src\Illuminate\Foundation\Http\Middleware\VerifyCsrfToken.php:78
#36 \vendor\laravel\framework\src\Illuminate\Pipeline\Pipeline.php:180
#37 \vendor\laravel\framework\src\Illuminate\View\Middleware\ShareErrorsFromSession.php:49
#38 \vendor\laravel\framework\src\Illuminate\Pipeline\Pipeline.php:180
#39 \vendor\laravel\framework\src\Illuminate\Session\Middleware\StartSession.php:121
#40 \vendor\laravel\framework\src\Illuminate\Session\Middleware\StartSession.php:64
#41 \vendor\laravel\framework\src\Illuminate\Pipeline\Pipeline.php:180
#42 \vendor\laravel\framework\src\Illuminate\Cookie\Middleware\AddQueuedCookiesToResponse.php:37
#43 \vendor\laravel\framework\src\Illuminate\Pipeline\Pipeline.php:180
#44 \vendor\laravel\framework\src\Illuminate\Cookie\Middleware\EncryptCookies.php:67
#45 \vendor\laravel\framework\src\Illuminate\Pipeline\Pipeline.php:180
#46 \vendor\laravel\framework\src\Illuminate\Pipeline\Pipeline.php:116
#47 \vendor\laravel\framework\src\Illuminate\Routing\Router.php:799
#48 \vendor\laravel\framework\src\Illuminate\Routing\Router.php:776
#49 \vendor\laravel\framework\src\Illuminate\Routing\Router.php:740
  
[2024-02-03 00:58:54] local.INFO: Model: App\Models\Arrivage
Relation: bande
Num-Called: 3
Call-Stack:
#18 \app\Http\Controllers\Manager\LivraisonController.php:215
#19 \vendor\laravel\framework\src\Illuminate\Routing\Controller.php:54
#20 \vendor\laravel\framework\src\Illuminate\Routing\ControllerDispatcher.php:43
#21 \vendor\laravel\framework\src\Illuminate\Routing\Route.php:260
#22 \vendor\laravel\framework\src\Illuminate\Routing\Route.php:205
#23 \vendor\laravel\framework\src\Illuminate\Routing\Router.php:798
#24 \vendor\laravel\framework\src\Illuminate\Pipeline\Pipeline.php:141
#25 \app\Http\Middleware\Manager.php:20
#26 \vendor\laravel\framework\src\Illuminate\Pipeline\Pipeline.php:180
#27 \app\Http\Middleware\CheckStatus.php:22
#28 \vendor\laravel\framework\src\Illuminate\Pipeline\Pipeline.php:180
#29 \app\Http\Middleware\MaintenanceMode.php:25
#30 \vendor\laravel\framework\src\Illuminate\Pipeline\Pipeline.php:180
#31 \vendor\laravel\framework\src\Illuminate\Routing\Middleware\SubstituteBindings.php:50
#32 \vendor\laravel\framework\src\Illuminate\Pipeline\Pipeline.php:180
#33 \app\Http\Middleware\Authenticate.php:35
#34 \vendor\laravel\framework\src\Illuminate\Pipeline\Pipeline.php:180
#35 \vendor\laravel\framework\src\Illuminate\Foundation\Http\Middleware\VerifyCsrfToken.php:78
#36 \vendor\laravel\framework\src\Illuminate\Pipeline\Pipeline.php:180
#37 \vendor\laravel\framework\src\Illuminate\View\Middleware\ShareErrorsFromSession.php:49
#38 \vendor\laravel\framework\src\Illuminate\Pipeline\Pipeline.php:180
#39 \vendor\laravel\framework\src\Illuminate\Session\Middleware\StartSession.php:121
#40 \vendor\laravel\framework\src\Illuminate\Session\Middleware\StartSession.php:64
#41 \vendor\laravel\framework\src\Illuminate\Pipeline\Pipeline.php:180
#42 \vendor\laravel\framework\src\Illuminate\Cookie\Middleware\AddQueuedCookiesToResponse.php:37
#43 \vendor\laravel\framework\src\Illuminate\Pipeline\Pipeline.php:180
#44 \vendor\laravel\framework\src\Illuminate\Cookie\Middleware\EncryptCookies.php:67
#45 \vendor\laravel\framework\src\Illuminate\Pipeline\Pipeline.php:180
#46 \vendor\laravel\framework\src\Illuminate\Pipeline\Pipeline.php:116
#47 \vendor\laravel\framework\src\Illuminate\Routing\Router.php:799
#48 \vendor\laravel\framework\src\Illuminate\Routing\Router.php:776
#49 \vendor\laravel\framework\src\Illuminate\Routing\Router.php:740
  
[2024-02-03 00:59:35] local.INFO: Detected N+1 Query  
[2024-02-03 00:59:35] local.INFO: Model: App\Models\Produit
Relation: categorie
Num-Called: 24
Call-Stack:
#18 \app\Http\Controllers\Manager\LivraisonController.php:213
#19 \vendor\laravel\framework\src\Illuminate\Routing\Controller.php:54
#20 \vendor\laravel\framework\src\Illuminate\Routing\ControllerDispatcher.php:43
#21 \vendor\laravel\framework\src\Illuminate\Routing\Route.php:260
#22 \vendor\laravel\framework\src\Illuminate\Routing\Route.php:205
#23 \vendor\laravel\framework\src\Illuminate\Routing\Router.php:798
#24 \vendor\laravel\framework\src\Illuminate\Pipeline\Pipeline.php:141
#25 \app\Http\Middleware\Manager.php:20
#26 \vendor\laravel\framework\src\Illuminate\Pipeline\Pipeline.php:180
#27 \app\Http\Middleware\CheckStatus.php:22
#28 \vendor\laravel\framework\src\Illuminate\Pipeline\Pipeline.php:180
#29 \app\Http\Middleware\MaintenanceMode.php:25
#30 \vendor\laravel\framework\src\Illuminate\Pipeline\Pipeline.php:180
#31 \vendor\laravel\framework\src\Illuminate\Routing\Middleware\SubstituteBindings.php:50
#32 \vendor\laravel\framework\src\Illuminate\Pipeline\Pipeline.php:180
#33 \app\Http\Middleware\Authenticate.php:35
#34 \vendor\laravel\framework\src\Illuminate\Pipeline\Pipeline.php:180
#35 \vendor\laravel\framework\src\Illuminate\Foundation\Http\Middleware\VerifyCsrfToken.php:78
#36 \vendor\laravel\framework\src\Illuminate\Pipeline\Pipeline.php:180
#37 \vendor\laravel\framework\src\Illuminate\View\Middleware\ShareErrorsFromSession.php:49
#38 \vendor\laravel\framework\src\Illuminate\Pipeline\Pipeline.php:180
#39 \vendor\laravel\framework\src\Illuminate\Session\Middleware\StartSession.php:121
#40 \vendor\laravel\framework\src\Illuminate\Session\Middleware\StartSession.php:64
#41 \vendor\laravel\framework\src\Illuminate\Pipeline\Pipeline.php:180
#42 \vendor\laravel\framework\src\Illuminate\Cookie\Middleware\AddQueuedCookiesToResponse.php:37
#43 \vendor\laravel\framework\src\Illuminate\Pipeline\Pipeline.php:180
#44 \vendor\laravel\framework\src\Illuminate\Cookie\Middleware\EncryptCookies.php:67
#45 \vendor\laravel\framework\src\Illuminate\Pipeline\Pipeline.php:180
#46 \vendor\laravel\framework\src\Illuminate\Pipeline\Pipeline.php:116
#47 \vendor\laravel\framework\src\Illuminate\Routing\Router.php:799
#48 \vendor\laravel\framework\src\Illuminate\Routing\Router.php:776
#49 \vendor\laravel\framework\src\Illuminate\Routing\Router.php:740
  
[2024-02-03 00:59:35] local.INFO: Model: App\Models\Categorie
Relation: unite
Num-Called: 24
Call-Stack:
#18 \app\Http\Controllers\Manager\LivraisonController.php:213
#19 \vendor\laravel\framework\src\Illuminate\Routing\Controller.php:54
#20 \vendor\laravel\framework\src\Illuminate\Routing\ControllerDispatcher.php:43
#21 \vendor\laravel\framework\src\Illuminate\Routing\Route.php:260
#22 \vendor\laravel\framework\src\Illuminate\Routing\Route.php:205
#23 \vendor\laravel\framework\src\Illuminate\Routing\Router.php:798
#24 \vendor\laravel\framework\src\Illuminate\Pipeline\Pipeline.php:141
#25 \app\Http\Middleware\Manager.php:20
#26 \vendor\laravel\framework\src\Illuminate\Pipeline\Pipeline.php:180
#27 \app\Http\Middleware\CheckStatus.php:22
#28 \vendor\laravel\framework\src\Illuminate\Pipeline\Pipeline.php:180
#29 \app\Http\Middleware\MaintenanceMode.php:25
#30 \vendor\laravel\framework\src\Illuminate\Pipeline\Pipeline.php:180
#31 \vendor\laravel\framework\src\Illuminate\Routing\Middleware\SubstituteBindings.php:50
#32 \vendor\laravel\framework\src\Illuminate\Pipeline\Pipeline.php:180
#33 \app\Http\Middleware\Authenticate.php:35
#34 \vendor\laravel\framework\src\Illuminate\Pipeline\Pipeline.php:180
#35 \vendor\laravel\framework\src\Illuminate\Foundation\Http\Middleware\VerifyCsrfToken.php:78
#36 \vendor\laravel\framework\src\Illuminate\Pipeline\Pipeline.php:180
#37 \vendor\laravel\framework\src\Illuminate\View\Middleware\ShareErrorsFromSession.php:49
#38 \vendor\laravel\framework\src\Illuminate\Pipeline\Pipeline.php:180
#39 \vendor\laravel\framework\src\Illuminate\Session\Middleware\StartSession.php:121
#40 \vendor\laravel\framework\src\Illuminate\Session\Middleware\StartSession.php:64
#41 \vendor\laravel\framework\src\Illuminate\Pipeline\Pipeline.php:180
#42 \vendor\laravel\framework\src\Illuminate\Cookie\Middleware\AddQueuedCookiesToResponse.php:37
#43 \vendor\laravel\framework\src\Illuminate\Pipeline\Pipeline.php:180
#44 \vendor\laravel\framework\src\Illuminate\Cookie\Middleware\EncryptCookies.php:67
#45 \vendor\laravel\framework\src\Illuminate\Pipeline\Pipeline.php:180
#46 \vendor\laravel\framework\src\Illuminate\Pipeline\Pipeline.php:116
#47 \vendor\laravel\framework\src\Illuminate\Routing\Router.php:799
#48 \vendor\laravel\framework\src\Illuminate\Routing\Router.php:776
#49 \vendor\laravel\framework\src\Illuminate\Routing\Router.php:740
  
[2024-02-03 00:59:35] local.INFO: Model: App\Models\Produit
Relation: arrivage
Num-Called: 24
Call-Stack:
#18 \app\Http\Controllers\Manager\LivraisonController.php:215
#19 \vendor\laravel\framework\src\Illuminate\Routing\Controller.php:54
#20 \vendor\laravel\framework\src\Illuminate\Routing\ControllerDispatcher.php:43
#21 \vendor\laravel\framework\src\Illuminate\Routing\Route.php:260
#22 \vendor\laravel\framework\src\Illuminate\Routing\Route.php:205
#23 \vendor\laravel\framework\src\Illuminate\Routing\Router.php:798
#24 \vendor\laravel\framework\src\Illuminate\Pipeline\Pipeline.php:141
#25 \app\Http\Middleware\Manager.php:20
#26 \vendor\laravel\framework\src\Illuminate\Pipeline\Pipeline.php:180
#27 \app\Http\Middleware\CheckStatus.php:22
#28 \vendor\laravel\framework\src\Illuminate\Pipeline\Pipeline.php:180
#29 \app\Http\Middleware\MaintenanceMode.php:25
#30 \vendor\laravel\framework\src\Illuminate\Pipeline\Pipeline.php:180
#31 \vendor\laravel\framework\src\Illuminate\Routing\Middleware\SubstituteBindings.php:50
#32 \vendor\laravel\framework\src\Illuminate\Pipeline\Pipeline.php:180
#33 \app\Http\Middleware\Authenticate.php:35
#34 \vendor\laravel\framework\src\Illuminate\Pipeline\Pipeline.php:180
#35 \vendor\laravel\framework\src\Illuminate\Foundation\Http\Middleware\VerifyCsrfToken.php:78
#36 \vendor\laravel\framework\src\Illuminate\Pipeline\Pipeline.php:180
#37 \vendor\laravel\framework\src\Illuminate\View\Middleware\ShareErrorsFromSession.php:49
#38 \vendor\laravel\framework\src\Illuminate\Pipeline\Pipeline.php:180
#39 \vendor\laravel\framework\src\Illuminate\Session\Middleware\StartSession.php:121
#40 \vendor\laravel\framework\src\Illuminate\Session\Middleware\StartSession.php:64
#41 \vendor\laravel\framework\src\Illuminate\Pipeline\Pipeline.php:180
#42 \vendor\laravel\framework\src\Illuminate\Cookie\Middleware\AddQueuedCookiesToResponse.php:37
#43 \vendor\laravel\framework\src\Illuminate\Pipeline\Pipeline.php:180
#44 \vendor\laravel\framework\src\Illuminate\Cookie\Middleware\EncryptCookies.php:67
#45 \vendor\laravel\framework\src\Illuminate\Pipeline\Pipeline.php:180
#46 \vendor\laravel\framework\src\Illuminate\Pipeline\Pipeline.php:116
#47 \vendor\laravel\framework\src\Illuminate\Routing\Router.php:799
#48 \vendor\laravel\framework\src\Illuminate\Routing\Router.php:776
#49 \vendor\laravel\framework\src\Illuminate\Routing\Router.php:740
  
[2024-02-03 00:59:35] local.INFO: Model: App\Models\Arrivage
Relation: bande
Num-Called: 24
Call-Stack:
#18 \app\Http\Controllers\Manager\LivraisonController.php:215
#19 \vendor\laravel\framework\src\Illuminate\Routing\Controller.php:54
#20 \vendor\laravel\framework\src\Illuminate\Routing\ControllerDispatcher.php:43
#21 \vendor\laravel\framework\src\Illuminate\Routing\Route.php:260
#22 \vendor\laravel\framework\src\Illuminate\Routing\Route.php:205
#23 \vendor\laravel\framework\src\Illuminate\Routing\Router.php:798
#24 \vendor\laravel\framework\src\Illuminate\Pipeline\Pipeline.php:141
#25 \app\Http\Middleware\Manager.php:20
#26 \vendor\laravel\framework\src\Illuminate\Pipeline\Pipeline.php:180
#27 \app\Http\Middleware\CheckStatus.php:22
#28 \vendor\laravel\framework\src\Illuminate\Pipeline\Pipeline.php:180
#29 \app\Http\Middleware\MaintenanceMode.php:25
#30 \vendor\laravel\framework\src\Illuminate\Pipeline\Pipeline.php:180
#31 \vendor\laravel\framework\src\Illuminate\Routing\Middleware\SubstituteBindings.php:50
#32 \vendor\laravel\framework\src\Illuminate\Pipeline\Pipeline.php:180
#33 \app\Http\Middleware\Authenticate.php:35
#34 \vendor\laravel\framework\src\Illuminate\Pipeline\Pipeline.php:180
#35 \vendor\laravel\framework\src\Illuminate\Foundation\Http\Middleware\VerifyCsrfToken.php:78
#36 \vendor\laravel\framework\src\Illuminate\Pipeline\Pipeline.php:180
#37 \vendor\laravel\framework\src\Illuminate\View\Middleware\ShareErrorsFromSession.php:49
#38 \vendor\laravel\framework\src\Illuminate\Pipeline\Pipeline.php:180
#39 \vendor\laravel\framework\src\Illuminate\Session\Middleware\StartSession.php:121
#40 \vendor\laravel\framework\src\Illuminate\Session\Middleware\StartSession.php:64
#41 \vendor\laravel\framework\src\Illuminate\Pipeline\Pipeline.php:180
#42 \vendor\laravel\framework\src\Illuminate\Cookie\Middleware\AddQueuedCookiesToResponse.php:37
#43 \vendor\laravel\framework\src\Illuminate\Pipeline\Pipeline.php:180
#44 \vendor\laravel\framework\src\Illuminate\Cookie\Middleware\EncryptCookies.php:67
#45 \vendor\laravel\framework\src\Illuminate\Pipeline\Pipeline.php:180
#46 \vendor\laravel\framework\src\Illuminate\Pipeline\Pipeline.php:116
#47 \vendor\laravel\framework\src\Illuminate\Routing\Router.php:799
#48 \vendor\laravel\framework\src\Illuminate\Routing\Router.php:776
#49 \vendor\laravel\framework\src\Illuminate\Routing\Router.php:740
  
[2024-02-03 01:01:35] local.INFO: Detected N+1 Query  
[2024-02-03 01:01:35] local.INFO: Model: App\Models\Produit
Relation: categorie
Num-Called: 20
Call-Stack:
#18 \app\Http\Controllers\Manager\LivraisonController.php:213
#19 \vendor\laravel\framework\src\Illuminate\Routing\Controller.php:54
#20 \vendor\laravel\framework\src\Illuminate\Routing\ControllerDispatcher.php:43
#21 \vendor\laravel\framework\src\Illuminate\Routing\Route.php:260
#22 \vendor\laravel\framework\src\Illuminate\Routing\Route.php:205
#23 \vendor\laravel\framework\src\Illuminate\Routing\Router.php:798
#24 \vendor\laravel\framework\src\Illuminate\Pipeline\Pipeline.php:141
#25 \app\Http\Middleware\Manager.php:20
#26 \vendor\laravel\framework\src\Illuminate\Pipeline\Pipeline.php:180
#27 \app\Http\Middleware\CheckStatus.php:22
#28 \vendor\laravel\framework\src\Illuminate\Pipeline\Pipeline.php:180
#29 \app\Http\Middleware\MaintenanceMode.php:25
#30 \vendor\laravel\framework\src\Illuminate\Pipeline\Pipeline.php:180
#31 \vendor\laravel\framework\src\Illuminate\Routing\Middleware\SubstituteBindings.php:50
#32 \vendor\laravel\framework\src\Illuminate\Pipeline\Pipeline.php:180
#33 \app\Http\Middleware\Authenticate.php:35
#34 \vendor\laravel\framework\src\Illuminate\Pipeline\Pipeline.php:180
#35 \vendor\laravel\framework\src\Illuminate\Foundation\Http\Middleware\VerifyCsrfToken.php:78
#36 \vendor\laravel\framework\src\Illuminate\Pipeline\Pipeline.php:180
#37 \vendor\laravel\framework\src\Illuminate\View\Middleware\ShareErrorsFromSession.php:49
#38 \vendor\laravel\framework\src\Illuminate\Pipeline\Pipeline.php:180
#39 \vendor\laravel\framework\src\Illuminate\Session\Middleware\StartSession.php:121
#40 \vendor\laravel\framework\src\Illuminate\Session\Middleware\StartSession.php:64
#41 \vendor\laravel\framework\src\Illuminate\Pipeline\Pipeline.php:180
#42 \vendor\laravel\framework\src\Illuminate\Cookie\Middleware\AddQueuedCookiesToResponse.php:37
#43 \vendor\laravel\framework\src\Illuminate\Pipeline\Pipeline.php:180
#44 \vendor\laravel\framework\src\Illuminate\Cookie\Middleware\EncryptCookies.php:67
#45 \vendor\laravel\framework\src\Illuminate\Pipeline\Pipeline.php:180
#46 \vendor\laravel\framework\src\Illuminate\Pipeline\Pipeline.php:116
#47 \vendor\laravel\framework\src\Illuminate\Routing\Router.php:799
#48 \vendor\laravel\framework\src\Illuminate\Routing\Router.php:776
#49 \vendor\laravel\framework\src\Illuminate\Routing\Router.php:740
  
[2024-02-03 01:01:35] local.INFO: Model: App\Models\Categorie
Relation: unite
Num-Called: 20
Call-Stack:
#18 \app\Http\Controllers\Manager\LivraisonController.php:213
#19 \vendor\laravel\framework\src\Illuminate\Routing\Controller.php:54
#20 \vendor\laravel\framework\src\Illuminate\Routing\ControllerDispatcher.php:43
#21 \vendor\laravel\framework\src\Illuminate\Routing\Route.php:260
#22 \vendor\laravel\framework\src\Illuminate\Routing\Route.php:205
#23 \vendor\laravel\framework\src\Illuminate\Routing\Router.php:798
#24 \vendor\laravel\framework\src\Illuminate\Pipeline\Pipeline.php:141
#25 \app\Http\Middleware\Manager.php:20
#26 \vendor\laravel\framework\src\Illuminate\Pipeline\Pipeline.php:180
#27 \app\Http\Middleware\CheckStatus.php:22
#28 \vendor\laravel\framework\src\Illuminate\Pipeline\Pipeline.php:180
#29 \app\Http\Middleware\MaintenanceMode.php:25
#30 \vendor\laravel\framework\src\Illuminate\Pipeline\Pipeline.php:180
#31 \vendor\laravel\framework\src\Illuminate\Routing\Middleware\SubstituteBindings.php:50
#32 \vendor\laravel\framework\src\Illuminate\Pipeline\Pipeline.php:180
#33 \app\Http\Middleware\Authenticate.php:35
#34 \vendor\laravel\framework\src\Illuminate\Pipeline\Pipeline.php:180
#35 \vendor\laravel\framework\src\Illuminate\Foundation\Http\Middleware\VerifyCsrfToken.php:78
#36 \vendor\laravel\framework\src\Illuminate\Pipeline\Pipeline.php:180
#37 \vendor\laravel\framework\src\Illuminate\View\Middleware\ShareErrorsFromSession.php:49
#38 \vendor\laravel\framework\src\Illuminate\Pipeline\Pipeline.php:180
#39 \vendor\laravel\framework\src\Illuminate\Session\Middleware\StartSession.php:121
#40 \vendor\laravel\framework\src\Illuminate\Session\Middleware\StartSession.php:64
#41 \vendor\laravel\framework\src\Illuminate\Pipeline\Pipeline.php:180
#42 \vendor\laravel\framework\src\Illuminate\Cookie\Middleware\AddQueuedCookiesToResponse.php:37
#43 \vendor\laravel\framework\src\Illuminate\Pipeline\Pipeline.php:180
#44 \vendor\laravel\framework\src\Illuminate\Cookie\Middleware\EncryptCookies.php:67
#45 \vendor\laravel\framework\src\Illuminate\Pipeline\Pipeline.php:180
#46 \vendor\laravel\framework\src\Illuminate\Pipeline\Pipeline.php:116
#47 \vendor\laravel\framework\src\Illuminate\Routing\Router.php:799
#48 \vendor\laravel\framework\src\Illuminate\Routing\Router.php:776
#49 \vendor\laravel\framework\src\Illuminate\Routing\Router.php:740
  
[2024-02-03 01:01:35] local.INFO: Model: App\Models\Produit
Relation: arrivage
Num-Called: 20
Call-Stack:
#18 \app\Http\Controllers\Manager\LivraisonController.php:215
#19 \vendor\laravel\framework\src\Illuminate\Routing\Controller.php:54
#20 \vendor\laravel\framework\src\Illuminate\Routing\ControllerDispatcher.php:43
#21 \vendor\laravel\framework\src\Illuminate\Routing\Route.php:260
#22 \vendor\laravel\framework\src\Illuminate\Routing\Route.php:205
#23 \vendor\laravel\framework\src\Illuminate\Routing\Router.php:798
#24 \vendor\laravel\framework\src\Illuminate\Pipeline\Pipeline.php:141
#25 \app\Http\Middleware\Manager.php:20
#26 \vendor\laravel\framework\src\Illuminate\Pipeline\Pipeline.php:180
#27 \app\Http\Middleware\CheckStatus.php:22
#28 \vendor\laravel\framework\src\Illuminate\Pipeline\Pipeline.php:180
#29 \app\Http\Middleware\MaintenanceMode.php:25
#30 \vendor\laravel\framework\src\Illuminate\Pipeline\Pipeline.php:180
#31 \vendor\laravel\framework\src\Illuminate\Routing\Middleware\SubstituteBindings.php:50
#32 \vendor\laravel\framework\src\Illuminate\Pipeline\Pipeline.php:180
#33 \app\Http\Middleware\Authenticate.php:35
#34 \vendor\laravel\framework\src\Illuminate\Pipeline\Pipeline.php:180
#35 \vendor\laravel\framework\src\Illuminate\Foundation\Http\Middleware\VerifyCsrfToken.php:78
#36 \vendor\laravel\framework\src\Illuminate\Pipeline\Pipeline.php:180
#37 \vendor\laravel\framework\src\Illuminate\View\Middleware\ShareErrorsFromSession.php:49
#38 \vendor\laravel\framework\src\Illuminate\Pipeline\Pipeline.php:180
#39 \vendor\laravel\framework\src\Illuminate\Session\Middleware\StartSession.php:121
#40 \vendor\laravel\framework\src\Illuminate\Session\Middleware\StartSession.php:64
#41 \vendor\laravel\framework\src\Illuminate\Pipeline\Pipeline.php:180
#42 \vendor\laravel\framework\src\Illuminate\Cookie\Middleware\AddQueuedCookiesToResponse.php:37
#43 \vendor\laravel\framework\src\Illuminate\Pipeline\Pipeline.php:180
#44 \vendor\laravel\framework\src\Illuminate\Cookie\Middleware\EncryptCookies.php:67
#45 \vendor\laravel\framework\src\Illuminate\Pipeline\Pipeline.php:180
#46 \vendor\laravel\framework\src\Illuminate\Pipeline\Pipeline.php:116
#47 \vendor\laravel\framework\src\Illuminate\Routing\Router.php:799
#48 \vendor\laravel\framework\src\Illuminate\Routing\Router.php:776
#49 \vendor\laravel\framework\src\Illuminate\Routing\Router.php:740
  
[2024-02-03 01:01:35] local.INFO: Model: App\Models\Arrivage
Relation: bande
Num-Called: 20
Call-Stack:
#18 \app\Http\Controllers\Manager\LivraisonController.php:215
#19 \vendor\laravel\framework\src\Illuminate\Routing\Controller.php:54
#20 \vendor\laravel\framework\src\Illuminate\Routing\ControllerDispatcher.php:43
#21 \vendor\laravel\framework\src\Illuminate\Routing\Route.php:260
#22 \vendor\laravel\framework\src\Illuminate\Routing\Route.php:205
#23 \vendor\laravel\framework\src\Illuminate\Routing\Router.php:798
#24 \vendor\laravel\framework\src\Illuminate\Pipeline\Pipeline.php:141
#25 \app\Http\Middleware\Manager.php:20
#26 \vendor\laravel\framework\src\Illuminate\Pipeline\Pipeline.php:180
#27 \app\Http\Middleware\CheckStatus.php:22
#28 \vendor\laravel\framework\src\Illuminate\Pipeline\Pipeline.php:180
#29 \app\Http\Middleware\MaintenanceMode.php:25
#30 \vendor\laravel\framework\src\Illuminate\Pipeline\Pipeline.php:180
#31 \vendor\laravel\framework\src\Illuminate\Routing\Middleware\SubstituteBindings.php:50
#32 \vendor\laravel\framework\src\Illuminate\Pipeline\Pipeline.php:180
#33 \app\Http\Middleware\Authenticate.php:35
#34 \vendor\laravel\framework\src\Illuminate\Pipeline\Pipeline.php:180
#35 \vendor\laravel\framework\src\Illuminate\Foundation\Http\Middleware\VerifyCsrfToken.php:78
#36 \vendor\laravel\framework\src\Illuminate\Pipeline\Pipeline.php:180
#37 \vendor\laravel\framework\src\Illuminate\View\Middleware\ShareErrorsFromSession.php:49
#38 \vendor\laravel\framework\src\Illuminate\Pipeline\Pipeline.php:180
#39 \vendor\laravel\framework\src\Illuminate\Session\Middleware\StartSession.php:121
#40 \vendor\laravel\framework\src\Illuminate\Session\Middleware\StartSession.php:64
#41 \vendor\laravel\framework\src\Illuminate\Pipeline\Pipeline.php:180
#42 \vendor\laravel\framework\src\Illuminate\Cookie\Middleware\AddQueuedCookiesToResponse.php:37
#43 \vendor\laravel\framework\src\Illuminate\Pipeline\Pipeline.php:180
#44 \vendor\laravel\framework\src\Illuminate\Cookie\Middleware\EncryptCookies.php:67
#45 \vendor\laravel\framework\src\Illuminate\Pipeline\Pipeline.php:180
#46 \vendor\laravel\framework\src\Illuminate\Pipeline\Pipeline.php:116
#47 \vendor\laravel\framework\src\Illuminate\Routing\Router.php:799
#48 \vendor\laravel\framework\src\Illuminate\Routing\Router.php:776
#49 \vendor\laravel\framework\src\Illuminate\Routing\Router.php:740
  
[2024-02-03 01:03:59] local.INFO: Detected N+1 Query  
[2024-02-03 01:03:59] local.INFO: Model: App\Models\Produit
Relation: categorie
Num-Called: 19
Call-Stack:
#18 \app\Http\Controllers\Manager\LivraisonController.php:213
#19 \vendor\laravel\framework\src\Illuminate\Routing\Controller.php:54
#20 \vendor\laravel\framework\src\Illuminate\Routing\ControllerDispatcher.php:43
#21 \vendor\laravel\framework\src\Illuminate\Routing\Route.php:260
#22 \vendor\laravel\framework\src\Illuminate\Routing\Route.php:205
#23 \vendor\laravel\framework\src\Illuminate\Routing\Router.php:798
#24 \vendor\laravel\framework\src\Illuminate\Pipeline\Pipeline.php:141
#25 \app\Http\Middleware\Manager.php:20
#26 \vendor\laravel\framework\src\Illuminate\Pipeline\Pipeline.php:180
#27 \app\Http\Middleware\CheckStatus.php:22
#28 \vendor\laravel\framework\src\Illuminate\Pipeline\Pipeline.php:180
#29 \app\Http\Middleware\MaintenanceMode.php:25
#30 \vendor\laravel\framework\src\Illuminate\Pipeline\Pipeline.php:180
#31 \vendor\laravel\framework\src\Illuminate\Routing\Middleware\SubstituteBindings.php:50
#32 \vendor\laravel\framework\src\Illuminate\Pipeline\Pipeline.php:180
#33 \app\Http\Middleware\Authenticate.php:35
#34 \vendor\laravel\framework\src\Illuminate\Pipeline\Pipeline.php:180
#35 \vendor\laravel\framework\src\Illuminate\Foundation\Http\Middleware\VerifyCsrfToken.php:78
#36 \vendor\laravel\framework\src\Illuminate\Pipeline\Pipeline.php:180
#37 \vendor\laravel\framework\src\Illuminate\View\Middleware\ShareErrorsFromSession.php:49
#38 \vendor\laravel\framework\src\Illuminate\Pipeline\Pipeline.php:180
#39 \vendor\laravel\framework\src\Illuminate\Session\Middleware\StartSession.php:121
#40 \vendor\laravel\framework\src\Illuminate\Session\Middleware\StartSession.php:64
#41 \vendor\laravel\framework\src\Illuminate\Pipeline\Pipeline.php:180
#42 \vendor\laravel\framework\src\Illuminate\Cookie\Middleware\AddQueuedCookiesToResponse.php:37
#43 \vendor\laravel\framework\src\Illuminate\Pipeline\Pipeline.php:180
#44 \vendor\laravel\framework\src\Illuminate\Cookie\Middleware\EncryptCookies.php:67
#45 \vendor\laravel\framework\src\Illuminate\Pipeline\Pipeline.php:180
#46 \vendor\laravel\framework\src\Illuminate\Pipeline\Pipeline.php:116
#47 \vendor\laravel\framework\src\Illuminate\Routing\Router.php:799
#48 \vendor\laravel\framework\src\Illuminate\Routing\Router.php:776
#49 \vendor\laravel\framework\src\Illuminate\Routing\Router.php:740
  
[2024-02-03 01:03:59] local.INFO: Model: App\Models\Categorie
Relation: unite
Num-Called: 19
Call-Stack:
#18 \app\Http\Controllers\Manager\LivraisonController.php:213
#19 \vendor\laravel\framework\src\Illuminate\Routing\Controller.php:54
#20 \vendor\laravel\framework\src\Illuminate\Routing\ControllerDispatcher.php:43
#21 \vendor\laravel\framework\src\Illuminate\Routing\Route.php:260
#22 \vendor\laravel\framework\src\Illuminate\Routing\Route.php:205
#23 \vendor\laravel\framework\src\Illuminate\Routing\Router.php:798
#24 \vendor\laravel\framework\src\Illuminate\Pipeline\Pipeline.php:141
#25 \app\Http\Middleware\Manager.php:20
#26 \vendor\laravel\framework\src\Illuminate\Pipeline\Pipeline.php:180
#27 \app\Http\Middleware\CheckStatus.php:22
#28 \vendor\laravel\framework\src\Illuminate\Pipeline\Pipeline.php:180
#29 \app\Http\Middleware\MaintenanceMode.php:25
#30 \vendor\laravel\framework\src\Illuminate\Pipeline\Pipeline.php:180
#31 \vendor\laravel\framework\src\Illuminate\Routing\Middleware\SubstituteBindings.php:50
#32 \vendor\laravel\framework\src\Illuminate\Pipeline\Pipeline.php:180
#33 \app\Http\Middleware\Authenticate.php:35
#34 \vendor\laravel\framework\src\Illuminate\Pipeline\Pipeline.php:180
#35 \vendor\laravel\framework\src\Illuminate\Foundation\Http\Middleware\VerifyCsrfToken.php:78
#36 \vendor\laravel\framework\src\Illuminate\Pipeline\Pipeline.php:180
#37 \vendor\laravel\framework\src\Illuminate\View\Middleware\ShareErrorsFromSession.php:49
#38 \vendor\laravel\framework\src\Illuminate\Pipeline\Pipeline.php:180
#39 \vendor\laravel\framework\src\Illuminate\Session\Middleware\StartSession.php:121
#40 \vendor\laravel\framework\src\Illuminate\Session\Middleware\StartSession.php:64
#41 \vendor\laravel\framework\src\Illuminate\Pipeline\Pipeline.php:180
#42 \vendor\laravel\framework\src\Illuminate\Cookie\Middleware\AddQueuedCookiesToResponse.php:37
#43 \vendor\laravel\framework\src\Illuminate\Pipeline\Pipeline.php:180
#44 \vendor\laravel\framework\src\Illuminate\Cookie\Middleware\EncryptCookies.php:67
#45 \vendor\laravel\framework\src\Illuminate\Pipeline\Pipeline.php:180
#46 \vendor\laravel\framework\src\Illuminate\Pipeline\Pipeline.php:116
#47 \vendor\laravel\framework\src\Illuminate\Routing\Router.php:799
#48 \vendor\laravel\framework\src\Illuminate\Routing\Router.php:776
#49 \vendor\laravel\framework\src\Illuminate\Routing\Router.php:740
  
[2024-02-03 01:03:59] local.INFO: Model: App\Models\Produit
Relation: arrivage
Num-Called: 19
Call-Stack:
#18 \app\Http\Controllers\Manager\LivraisonController.php:215
#19 \vendor\laravel\framework\src\Illuminate\Routing\Controller.php:54
#20 \vendor\laravel\framework\src\Illuminate\Routing\ControllerDispatcher.php:43
#21 \vendor\laravel\framework\src\Illuminate\Routing\Route.php:260
#22 \vendor\laravel\framework\src\Illuminate\Routing\Route.php:205
#23 \vendor\laravel\framework\src\Illuminate\Routing\Router.php:798
#24 \vendor\laravel\framework\src\Illuminate\Pipeline\Pipeline.php:141
#25 \app\Http\Middleware\Manager.php:20
#26 \vendor\laravel\framework\src\Illuminate\Pipeline\Pipeline.php:180
#27 \app\Http\Middleware\CheckStatus.php:22
#28 \vendor\laravel\framework\src\Illuminate\Pipeline\Pipeline.php:180
#29 \app\Http\Middleware\MaintenanceMode.php:25
#30 \vendor\laravel\framework\src\Illuminate\Pipeline\Pipeline.php:180
#31 \vendor\laravel\framework\src\Illuminate\Routing\Middleware\SubstituteBindings.php:50
#32 \vendor\laravel\framework\src\Illuminate\Pipeline\Pipeline.php:180
#33 \app\Http\Middleware\Authenticate.php:35
#34 \vendor\laravel\framework\src\Illuminate\Pipeline\Pipeline.php:180
#35 \vendor\laravel\framework\src\Illuminate\Foundation\Http\Middleware\VerifyCsrfToken.php:78
#36 \vendor\laravel\framework\src\Illuminate\Pipeline\Pipeline.php:180
#37 \vendor\laravel\framework\src\Illuminate\View\Middleware\ShareErrorsFromSession.php:49
#38 \vendor\laravel\framework\src\Illuminate\Pipeline\Pipeline.php:180
#39 \vendor\laravel\framework\src\Illuminate\Session\Middleware\StartSession.php:121
#40 \vendor\laravel\framework\src\Illuminate\Session\Middleware\StartSession.php:64
#41 \vendor\laravel\framework\src\Illuminate\Pipeline\Pipeline.php:180
#42 \vendor\laravel\framework\src\Illuminate\Cookie\Middleware\AddQueuedCookiesToResponse.php:37
#43 \vendor\laravel\framework\src\Illuminate\Pipeline\Pipeline.php:180
#44 \vendor\laravel\framework\src\Illuminate\Cookie\Middleware\EncryptCookies.php:67
#45 \vendor\laravel\framework\src\Illuminate\Pipeline\Pipeline.php:180
#46 \vendor\laravel\framework\src\Illuminate\Pipeline\Pipeline.php:116
#47 \vendor\laravel\framework\src\Illuminate\Routing\Router.php:799
#48 \vendor\laravel\framework\src\Illuminate\Routing\Router.php:776
#49 \vendor\laravel\framework\src\Illuminate\Routing\Router.php:740
  
[2024-02-03 01:03:59] local.INFO: Model: App\Models\Arrivage
Relation: bande
Num-Called: 19
Call-Stack:
#18 \app\Http\Controllers\Manager\LivraisonController.php:215
#19 \vendor\laravel\framework\src\Illuminate\Routing\Controller.php:54
#20 \vendor\laravel\framework\src\Illuminate\Routing\ControllerDispatcher.php:43
#21 \vendor\laravel\framework\src\Illuminate\Routing\Route.php:260
#22 \vendor\laravel\framework\src\Illuminate\Routing\Route.php:205
#23 \vendor\laravel\framework\src\Illuminate\Routing\Router.php:798
#24 \vendor\laravel\framework\src\Illuminate\Pipeline\Pipeline.php:141
#25 \app\Http\Middleware\Manager.php:20
#26 \vendor\laravel\framework\src\Illuminate\Pipeline\Pipeline.php:180
#27 \app\Http\Middleware\CheckStatus.php:22
#28 \vendor\laravel\framework\src\Illuminate\Pipeline\Pipeline.php:180
#29 \app\Http\Middleware\MaintenanceMode.php:25
#30 \vendor\laravel\framework\src\Illuminate\Pipeline\Pipeline.php:180
#31 \vendor\laravel\framework\src\Illuminate\Routing\Middleware\SubstituteBindings.php:50
#32 \vendor\laravel\framework\src\Illuminate\Pipeline\Pipeline.php:180
#33 \app\Http\Middleware\Authenticate.php:35
#34 \vendor\laravel\framework\src\Illuminate\Pipeline\Pipeline.php:180
#35 \vendor\laravel\framework\src\Illuminate\Foundation\Http\Middleware\VerifyCsrfToken.php:78
#36 \vendor\laravel\framework\src\Illuminate\Pipeline\Pipeline.php:180
#37 \vendor\laravel\framework\src\Illuminate\View\Middleware\ShareErrorsFromSession.php:49
#38 \vendor\laravel\framework\src\Illuminate\Pipeline\Pipeline.php:180
#39 \vendor\laravel\framework\src\Illuminate\Session\Middleware\StartSession.php:121
#40 \vendor\laravel\framework\src\Illuminate\Session\Middleware\StartSession.php:64
#41 \vendor\laravel\framework\src\Illuminate\Pipeline\Pipeline.php:180
#42 \vendor\laravel\framework\src\Illuminate\Cookie\Middleware\AddQueuedCookiesToResponse.php:37
#43 \vendor\laravel\framework\src\Illuminate\Pipeline\Pipeline.php:180
#44 \vendor\laravel\framework\src\Illuminate\Cookie\Middleware\EncryptCookies.php:67
#45 \vendor\laravel\framework\src\Illuminate\Pipeline\Pipeline.php:180
#46 \vendor\laravel\framework\src\Illuminate\Pipeline\Pipeline.php:116
#47 \vendor\laravel\framework\src\Illuminate\Routing\Router.php:799
#48 \vendor\laravel\framework\src\Illuminate\Routing\Router.php:776
#49 \vendor\laravel\framework\src\Illuminate\Routing\Router.php:740
  
